02:02:35.119 [main                     ] DEBUG Logger               - Configured Logger
02:02:35.143 [main                     ] DEBUG GameApplication      - Logging settings
Title: Untitled
Version: 1.0
Width: 880
Height: 720
Fullscreen: false
Intro: false
Profiling: false
Single step:false
App Mode: DEVELOPER
Menu Key: ESCAPE
Stage Style: DECORATED
Scene Factory: class com.almasb.fxgl.app.scene.SceneFactory

02:02:35.409 [JavaFX Application Thread] DEBUG FXGLApplication      - Initializing FXGL
02:02:35.415 [JavaFX Application Thread] INFO  Engine               - FXGL-17.1 (24.03.2022 17.34) on WINDOWS (J:17.0.3 FX:17.0.1)
02:02:35.416 [JavaFX Application Thread] DEBUG Engine               - JRE Vendor Name: Eclipse Adoptium
02:02:35.416 [JavaFX Application Thread] DEBUG Engine               - Running on OS: Windows 10 version 10.0
02:02:35.416 [JavaFX Application Thread] DEBUG Engine               - Architecture: amd64
02:02:35.417 [JavaFX Application Thread] INFO  Engine               - Source code and latest versions at: https://github.com/AlmasB/FXGL
02:02:35.417 [JavaFX Application Thread] INFO  Engine               -       Ask questions and discuss at: https://github.com/AlmasB/FXGL/discussions
02:02:35.417 [JavaFX Application Thread] INFO  Engine               -              Join the FXGL chat at: https://gitter.im/AlmasB/FXGL
02:02:35.486 [JavaFX Application Thread] DEBUG PrimaryStageWindow   - Creating a JavaFX scene
02:02:35.521 [JavaFX Application Thread] DEBUG PrimaryStageWindow   - Target settings size: 880.0 x 720.0
02:02:35.521 [JavaFX Application Thread] DEBUG PrimaryStageWindow   - Scaled scene size:    880.0 x 720.0
02:02:35.521 [JavaFX Application Thread] DEBUG PrimaryStageWindow   - Scaled ratio: (1.0, 1.0)
02:02:35.522 [JavaFX Application Thread] DEBUG PrimaryStageWindow   - Set initial scene to FXGLStartupScene
02:02:35.527 [JavaFX Application Thread] DEBUG PrimaryStageWindow   - Opening main window
02:02:35.589 [JavaFX Application Thread] DEBUG PrimaryStageWindow   - Window border size: (16.0, 39.0)
02:02:35.589 [JavaFX Application Thread] DEBUG PrimaryStageWindow   - Scaled size: 880.0 x 720.0
02:02:35.590 [JavaFX Application Thread] DEBUG PrimaryStageWindow   - Scaled ratio: (1.0, 1.0)
02:02:35.590 [JavaFX Application Thread] DEBUG PrimaryStageWindow   - Scene size: 880.0 x 720.0
02:02:35.590 [JavaFX Application Thread] DEBUG PrimaryStageWindow   - Stage size: 896.0 x 759.0
02:02:35.598 [FXGL Background Thread 1 ] DEBUG Engine               - Initializing environment variables
02:02:35.637 [FXGL Background Thread 1 ] DEBUG FXGLAssetLoaderServi - User app class for loading assets: class puzzleEight.eightpuzzle.EightSlidingPuzzle
02:02:35.637 [FXGL Background Thread 1 ] DEBUG GameApplicationServi - Applying CSS: fxgl_dark.css
02:02:35.638 [FXGL Background Thread 1 ] DEBUG FXGLAssetLoaderServi - Loading from file system: jar:file:///C:/Users/telemachus/.gradle/caches/modules-2/files-2.1/com.github.almasb/fxgl/17.1/2a9509aedf54954c9b13849c18c6f495a81c542d/fxgl-17.1.jar!/fxglassets/ui/css/fxgl_dark.css
02:02:35.701 [FXGL Background Thread 1 ] DEBUG GameApplicationServi - Initializing application scenes
02:02:35.749 [FXGL Background Thread 1 ] DEBUG GameWorld            - Game world initialized
02:02:35.817 [FXGL Background Thread 1 ] DEBUG PhysicsWorld         - Physics world initialized: appHeight=720, physics.ppm=50.0
02:02:35.817 [FXGL Background Thread 1 ] DEBUG PhysicsWorld         - Using strategy: BRUTE_FORCE
02:02:35.822 [FXGL Background Thread 1 ] DEBUG GameScene            - Game scene initialized: 880x720
02:02:35.837 [FXGL Background Thread 1 ] DEBUG FXGL.DefaultMenu     - createMenuBodyGameMenu()
02:02:35.854 [FXGL Background Thread 1 ] DEBUG FXGL.DefaultMenu     - createOptionsMenu()
02:02:35.865 [FXGL Background Thread 1 ] DEBUG FXGLAssetLoaderServi - Loading from file system: jar:file:///C:/Users/telemachus/.gradle/caches/modules-2/files-2.1/com.github.almasb/fxgl/17.1/2a9509aedf54954c9b13849c18c6f495a81c542d/fxgl-17.1.jar!/fxglassets/textures/particles/smoke.png
02:02:35.967 [FXGL Background Thread 1 ] DEBUG FXGLAssetLoaderServi - Loading from file system: jar:file:///C:/Users/telemachus/.gradle/caches/modules-2/files-2.1/com.github.almasb/fxgl/17.1/2a9509aedf54954c9b13849c18c6f495a81c542d/fxgl-17.1.jar!/fxglassets/textures/particles/trace_horizontal.png
02:02:35.992 [FXGL Background Thread 1 ] DEBUG GameApplicationServi - Application scenes initialized
02:02:36.005 [FXGL Background Thread 1 ] DEBUG SystemBundleService  - Loading FXGL system data
02:02:36.009 [FXGL Background Thread 1 ] DEBUG FileSystemAccess     - Reading from: D:\Computer-Science\02-24-00109-AI\Assignment1\EightPuzzle\system\fxgl.bundle
02:02:36.014 [FXGL Background Thread 1 ] DEBUG SystemBundleService  - Bundle FXGL: {}
02:02:36.014 [FXGL Background Thread 1 ] DEBUG UpdaterService       - Checking for updates
02:02:36.017 [FXGL Background Thread 4 ] DEBUG FXGLApplication      - Loading fonts
02:02:36.017 [FXGL Background Thread 4 ] DEBUG FXGLAssetLoaderServi - Loading from file system: jar:file:///C:/Users/telemachus/.gradle/caches/modules-2/files-2.1/com.github.almasb/fxgl/17.1/2a9509aedf54954c9b13849c18c6f495a81c542d/fxgl-17.1.jar!/fxglassets/ui/fonts/VarelaRound-Regular.ttf
02:02:36.017 [FXGL Background Thread 1 ] DEBUG FXGLApplication      - Loading default localization
02:02:36.018 [FXGL Background Thread 1 ] DEBUG FXGLAssetLoaderServi - Loading from file system: jar:file:///C:/Users/telemachus/.gradle/caches/modules-2/files-2.1/com.github.almasb/fxgl/17.1/2a9509aedf54954c9b13849c18c6f495a81c542d/fxgl-17.1.jar!/fxglassets/languages/english.lang
02:02:36.038 [FXGL Background Thread 1 ] INFO  FXGLApplication      - FXGL initialization took: 0.440 sec
02:02:36.049 [JavaFX Application Thread] DEBUG Input                - Registered new binding: Move Right - Right
02:02:36.049 [JavaFX Application Thread] DEBUG Input                - Registered new binding: Move Left - Left
02:02:36.049 [JavaFX Application Thread] DEBUG Input                - Registered new binding: Move Up - Up
02:02:36.049 [JavaFX Application Thread] DEBUG Input                - Registered new binding: Move Down - Down
02:02:36.050 [JavaFX Application Thread] DEBUG FXGLAssetLoaderServi - Loading from file system: jar:file:///C:/Users/telemachus/.gradle/caches/modules-2/files-2.1/com.github.almasb/fxgl/17.1/2a9509aedf54954c9b13849c18c6f495a81c542d/fxgl-17.1.jar!/fxglassets/textures/fxgl_icon.png
02:02:36.071 [JavaFX Application Thread] DEBUG FXGLAssetLoaderServi - Loading from file system: jar:file:///C:/Users/telemachus/.gradle/caches/modules-2/files-2.1/com.github.almasb/fxgl/17.1/2a9509aedf54954c9b13849c18c6f495a81c542d/fxgl-17.1.jar!/fxglassets/textures/fxgl_default_cursor.png
02:02:36.073 [JavaFX Application Thread] DEBUG Input                - Registered new binding: Screenshot - CTRL+8
02:02:36.074 [JavaFX Application Thread] DEBUG Input                - Registered new binding: System info dump - CTRL+9
02:02:36.074 [JavaFX Application Thread] DEBUG Input                - Registered new binding: Restart - CTRL+R
02:02:36.075 [JavaFX Application Thread] DEBUG Input                - Registered new binding: Toggle Debug Camera - CTRL+7
02:02:36.077 [JavaFX Application Thread] DEBUG LoopRunner           - Starting loop
02:02:36.078 [JavaFX Application Thread] DEBUG LoopRunner           - Initializing JavaFX AnimationTimerLoop
02:02:36.079 [JavaFX Application Thread] DEBUG GameApplicationServi - Starting new game
02:02:36.080 [JavaFX Application Thread] DEBUG Input                - Clearing active input actions
02:02:36.088 [FXGL Background Thread 4 ] DEBUG FXGLAssetLoaderServi - Loading from file system: jar:file:///C:/Users/telemachus/.gradle/caches/modules-2/files-2.1/com.github.almasb/fxgl/17.1/2a9509aedf54954c9b13849c18c6f495a81c542d/fxgl-17.1.jar!/fxglassets/ui/fonts/Abel-Regular.ttf
02:02:36.092 [FXGL Background Thread 4 ] DEBUG FXGLAssetLoaderServi - Loading from file system: jar:file:///C:/Users/telemachus/.gradle/caches/modules-2/files-2.1/com.github.almasb/fxgl/17.1/2a9509aedf54954c9b13849c18c6f495a81c542d/fxgl-17.1.jar!/fxglassets/ui/fonts/TerminalLandMono-Regular.otf
02:02:36.093 [JavaFX Application Thread] DEBUG GameApplicationServi - Removing overlay from FXGLStartupScene and adding to FXGLLoadingScene
02:02:36.094 [JavaFX Application Thread] DEBUG PrimaryStageWindow   - FXGLStartupScene -> FXGLLoadingScene
02:02:36.094 [JavaFX Application Thread] DEBUG GameApplicationServi - Clearing previous game
02:02:36.095 [JavaFX Application Thread] DEBUG GameScene            - Clearing game scene
02:02:36.095 [JavaFX Application Thread] DEBUG GameWorld            - Clearing game world
02:02:36.095 [JavaFX Application Thread] DEBUG PhysicsWorld         - Clearing physics world
02:02:36.097 [FXGL Background Thread 4 ] DEBUG FXGLAssetLoaderServi - Loading from file system: jar:file:///C:/Users/telemachus/.gradle/caches/modules-2/files-2.1/com.github.almasb/fxgl/17.1/2a9509aedf54954c9b13849c18c6f495a81c542d/fxgl-17.1.jar!/fxglassets/ui/fonts/Courier-Prime.ttf
02:02:36.097 [FXGL Background Thread 1 ] DEBUG FXGLApplication      - Initializing game
02:02:36.112 [FXGL Background Thread 1 ] WARN  FXGLAssetLoaderServi - Asset "/assets/textures/tile0.png" was not found!
02:02:36.112 [FXGL Background Thread 1 ] WARN  FXGLAssetLoaderServi - Failed to load IMAGE
02:02:36.138 [JavaFX Application Thread] DEBUG FXGLApplication      - Registering font factories with UI factory
02:02:36.222 [FXGL Background Thread 1 ] WARN  FXGLAssetLoaderServi - Asset "/assets/textures/tile.png" was not found!
02:02:36.222 [FXGL Background Thread 1 ] WARN  FXGLAssetLoaderServi - Failed to load IMAGE
02:02:36.228 [FXGL Background Thread 1 ] WARN  FXGLAssetLoaderServi - Asset "/assets/textures/tile.png" was not found!
02:02:36.228 [FXGL Background Thread 1 ] WARN  FXGLAssetLoaderServi - Failed to load IMAGE
02:02:36.230 [FXGL Background Thread 1 ] WARN  FXGLAssetLoaderServi - Asset "/assets/textures/tile.png" was not found!
02:02:36.230 [FXGL Background Thread 1 ] WARN  FXGLAssetLoaderServi - Failed to load IMAGE
02:02:36.232 [FXGL Background Thread 1 ] WARN  FXGLAssetLoaderServi - Asset "/assets/textures/tile.png" was not found!
02:02:36.232 [FXGL Background Thread 1 ] WARN  FXGLAssetLoaderServi - Failed to load IMAGE
02:02:36.233 [FXGL Background Thread 1 ] WARN  FXGLAssetLoaderServi - Asset "/assets/textures/tile.png" was not found!
02:02:36.233 [FXGL Background Thread 1 ] WARN  FXGLAssetLoaderServi - Failed to load IMAGE
02:02:36.235 [FXGL Background Thread 1 ] WARN  FXGLAssetLoaderServi - Asset "/assets/textures/tile.png" was not found!
02:02:36.235 [FXGL Background Thread 1 ] WARN  FXGLAssetLoaderServi - Failed to load IMAGE
02:02:36.236 [FXGL Background Thread 1 ] WARN  FXGLAssetLoaderServi - Asset "/assets/textures/tile.png" was not found!
02:02:36.237 [FXGL Background Thread 1 ] WARN  FXGLAssetLoaderServi - Failed to load IMAGE
02:02:36.238 [FXGL Background Thread 1 ] WARN  FXGLAssetLoaderServi - Asset "/assets/textures/tile.png" was not found!
02:02:36.238 [FXGL Background Thread 1 ] WARN  FXGLAssetLoaderServi - Failed to load IMAGE
02:02:36.239 [FXGL Background Thread 1 ] WARN  FXGLAssetLoaderServi - Asset "/assets/textures/tile.png" was not found!
02:02:36.240 [FXGL Background Thread 1 ] WARN  FXGLAssetLoaderServi - Failed to load IMAGE
02:02:36.241 [FXGL Background Thread 1 ] WARN  FXGLAssetLoaderServi - Asset "/assets/textures/tile.png" was not found!
02:02:36.241 [FXGL Background Thread 1 ] WARN  FXGLAssetLoaderServi - Failed to load IMAGE
02:02:36.243 [FXGL Background Thread 1 ] WARN  FXGLAssetLoaderServi - Asset "/assets/textures/tile.png" was not found!
02:02:36.243 [FXGL Background Thread 1 ] WARN  FXGLAssetLoaderServi - Failed to load IMAGE
02:02:36.254 [FXGL Background Thread 1 ] WARN  FXGLAssetLoaderServi - Asset "/assets/textures/tile.png" was not found!
02:02:36.254 [FXGL Background Thread 1 ] WARN  FXGLAssetLoaderServi - Failed to load IMAGE
02:02:36.256 [FXGL Background Thread 1 ] WARN  FXGLAssetLoaderServi - Asset "/assets/textures/tile.png" was not found!
02:02:36.256 [FXGL Background Thread 1 ] WARN  FXGLAssetLoaderServi - Failed to load IMAGE
02:02:36.258 [FXGL Background Thread 1 ] WARN  FXGLAssetLoaderServi - Asset "/assets/textures/tile.png" was not found!
02:02:36.258 [FXGL Background Thread 1 ] WARN  FXGLAssetLoaderServi - Failed to load IMAGE
02:02:36.260 [FXGL Background Thread 1 ] WARN  FXGLAssetLoaderServi - Asset "/assets/textures/tile.png" was not found!
02:02:36.260 [FXGL Background Thread 1 ] WARN  FXGLAssetLoaderServi - Failed to load IMAGE
02:02:36.275 [FXGL Background Thread 1 ] WARN  FXGLAssetLoaderServi - Asset "/assets/textures/shuffle1.png" was not found!
02:02:36.276 [FXGL Background Thread 1 ] WARN  FXGLAssetLoaderServi - Failed to load IMAGE
02:02:36.276 [FXGL Background Thread 1 ] WARN  FXGLAssetLoaderServi - Asset "/assets/textures/shuffle2.png" was not found!
02:02:36.277 [FXGL Background Thread 1 ] WARN  FXGLAssetLoaderServi - Failed to load IMAGE
02:02:36.282 [FXGL Background Thread 1 ] INFO  FXGLApplication      - Game initialization took: 0.185 sec
02:02:36.297 [JavaFX Application Thread] DEBUG Input                - Clearing active input actions
02:02:36.316 [JavaFX Application Thread] DEBUG GameApplicationServi - Removing overlay from FXGLLoadingScene and adding to GameScene
02:02:36.317 [JavaFX Application Thread] DEBUG PrimaryStageWindow   - FXGLLoadingScene -> GameScene
02:02:37.646 [JavaFX Application Thread] DEBUG FXGLApplication      - Exiting FXGL
02:02:37.647 [JavaFX Application Thread] DEBUG LoopRunner           - Stopping loop
02:02:37.647 [JavaFX Application Thread] DEBUG SystemBundleService  - Saving FXGL system data
02:02:37.649 [JavaFX Application Thread] DEBUG FileSystemAccess     - Writing to: D:\Computer-Science\02-24-00109-AI\Assignment1\EightPuzzle\system\fxgl.bundle
02:02:37.650 [JavaFX Application Thread] DEBUG Async                - Shutting down background threads
02:02:37.651 [JavaFX Application Thread] DEBUG PrimaryStageWindow   - Closing main window
02:02:37.660 [JavaFX Application Thread] DEBUG Logger               - Closing Logger
