02:01:16.315 [main                     ] DEBUG Logger               - Configured Logger
02:01:16.338 [main                     ] DEBUG GameApplication      - Logging settings
Title: Untitled
Version: 1.0
Width: 880
Height: 720
Fullscreen: false
Intro: false
Profiling: false
Single step:false
App Mode: DEVELOPER
Menu Key: ESCAPE
Stage Style: DECORATED
Scene Factory: class com.almasb.fxgl.app.scene.SceneFactory

02:01:16.599 [JavaFX Application Thread] DEBUG FXGLApplication      - Initializing FXGL
02:01:16.606 [JavaFX Application Thread] INFO  Engine               - FXGL-17.1 (24.03.2022 17.34) on WINDOWS (J:17.0.3 FX:17.0.1)
02:01:16.606 [JavaFX Application Thread] DEBUG Engine               - JRE Vendor Name: Eclipse Adoptium
02:01:16.607 [JavaFX Application Thread] DEBUG Engine               - Running on OS: Windows 10 version 10.0
02:01:16.607 [JavaFX Application Thread] DEBUG Engine               - Architecture: amd64
02:01:16.607 [JavaFX Application Thread] INFO  Engine               - Source code and latest versions at: https://github.com/AlmasB/FXGL
02:01:16.607 [JavaFX Application Thread] INFO  Engine               -       Ask questions and discuss at: https://github.com/AlmasB/FXGL/discussions
02:01:16.607 [JavaFX Application Thread] INFO  Engine               -              Join the FXGL chat at: https://gitter.im/AlmasB/FXGL
02:01:16.679 [JavaFX Application Thread] DEBUG PrimaryStageWindow   - Creating a JavaFX scene
02:01:16.713 [JavaFX Application Thread] DEBUG PrimaryStageWindow   - Target settings size: 880.0 x 720.0
02:01:16.713 [JavaFX Application Thread] DEBUG PrimaryStageWindow   - Scaled scene size:    880.0 x 720.0
02:01:16.714 [JavaFX Application Thread] DEBUG PrimaryStageWindow   - Scaled ratio: (1.0, 1.0)
02:01:16.715 [JavaFX Application Thread] DEBUG PrimaryStageWindow   - Set initial scene to FXGLStartupScene
02:01:16.721 [JavaFX Application Thread] DEBUG PrimaryStageWindow   - Opening main window
02:01:16.781 [JavaFX Application Thread] DEBUG PrimaryStageWindow   - Window border size: (16.0, 39.0)
02:01:16.781 [JavaFX Application Thread] DEBUG PrimaryStageWindow   - Scaled size: 880.0 x 720.0
02:01:16.782 [JavaFX Application Thread] DEBUG PrimaryStageWindow   - Scaled ratio: (1.0, 1.0)
02:01:16.782 [JavaFX Application Thread] DEBUG PrimaryStageWindow   - Scene size: 880.0 x 720.0
02:01:16.782 [JavaFX Application Thread] DEBUG PrimaryStageWindow   - Stage size: 896.0 x 759.0
02:01:16.792 [FXGL Background Thread 1 ] DEBUG Engine               - Initializing environment variables
02:01:16.834 [FXGL Background Thread 1 ] DEBUG FXGLAssetLoaderServi - User app class for loading assets: class puzzleEight.eightpuzzle.EightSlidingPuzzle
02:01:16.834 [FXGL Background Thread 1 ] DEBUG GameApplicationServi - Applying CSS: fxgl_dark.css
02:01:16.835 [FXGL Background Thread 1 ] DEBUG FXGLAssetLoaderServi - Loading from file system: jar:file:///C:/Users/telemachus/.gradle/caches/modules-2/files-2.1/com.github.almasb/fxgl/17.1/2a9509aedf54954c9b13849c18c6f495a81c542d/fxgl-17.1.jar!/fxglassets/ui/css/fxgl_dark.css
02:01:16.895 [FXGL Background Thread 1 ] DEBUG GameApplicationServi - Initializing application scenes
02:01:16.939 [FXGL Background Thread 1 ] DEBUG GameWorld            - Game world initialized
02:01:17.005 [FXGL Background Thread 1 ] DEBUG PhysicsWorld         - Physics world initialized: appHeight=720, physics.ppm=50.0
02:01:17.005 [FXGL Background Thread 1 ] DEBUG PhysicsWorld         - Using strategy: BRUTE_FORCE
02:01:17.012 [FXGL Background Thread 1 ] DEBUG GameScene            - Game scene initialized: 880x720
02:01:17.022 [FXGL Background Thread 1 ] DEBUG FXGL.DefaultMenu     - createMenuBodyGameMenu()
02:01:17.038 [FXGL Background Thread 1 ] DEBUG FXGL.DefaultMenu     - createOptionsMenu()
02:01:17.050 [FXGL Background Thread 1 ] DEBUG FXGLAssetLoaderServi - Loading from file system: jar:file:///C:/Users/telemachus/.gradle/caches/modules-2/files-2.1/com.github.almasb/fxgl/17.1/2a9509aedf54954c9b13849c18c6f495a81c542d/fxgl-17.1.jar!/fxglassets/textures/particles/smoke.png
02:01:17.139 [FXGL Background Thread 1 ] DEBUG FXGLAssetLoaderServi - Loading from file system: jar:file:///C:/Users/telemachus/.gradle/caches/modules-2/files-2.1/com.github.almasb/fxgl/17.1/2a9509aedf54954c9b13849c18c6f495a81c542d/fxgl-17.1.jar!/fxglassets/textures/particles/trace_horizontal.png
02:01:17.169 [FXGL Background Thread 1 ] DEBUG GameApplicationServi - Application scenes initialized
02:01:17.179 [FXGL Background Thread 1 ] DEBUG SystemBundleService  - Loading FXGL system data
02:01:17.182 [FXGL Background Thread 1 ] DEBUG FileSystemAccess     - Reading from: D:\Computer-Science\02-24-00109-AI\Assignment1\EightPuzzle\system\fxgl.bundle
02:01:17.187 [FXGL Background Thread 1 ] DEBUG SystemBundleService  - Bundle FXGL: {}
02:01:17.187 [FXGL Background Thread 1 ] DEBUG UpdaterService       - Checking for updates
02:01:17.190 [FXGL Background Thread 4 ] DEBUG FXGLApplication      - Loading fonts
02:01:17.190 [FXGL Background Thread 4 ] DEBUG FXGLAssetLoaderServi - Loading from file system: jar:file:///C:/Users/telemachus/.gradle/caches/modules-2/files-2.1/com.github.almasb/fxgl/17.1/2a9509aedf54954c9b13849c18c6f495a81c542d/fxgl-17.1.jar!/fxglassets/ui/fonts/VarelaRound-Regular.ttf
02:01:17.190 [FXGL Background Thread 1 ] DEBUG FXGLApplication      - Loading default localization
02:01:17.191 [FXGL Background Thread 1 ] DEBUG FXGLAssetLoaderServi - Loading from file system: jar:file:///C:/Users/telemachus/.gradle/caches/modules-2/files-2.1/com.github.almasb/fxgl/17.1/2a9509aedf54954c9b13849c18c6f495a81c542d/fxgl-17.1.jar!/fxglassets/languages/english.lang
02:01:17.206 [FXGL Background Thread 1 ] INFO  FXGLApplication      - FXGL initialization took: 0.414 sec
02:01:17.217 [JavaFX Application Thread] DEBUG Input                - Registered new binding: Move Right - Right
02:01:17.218 [JavaFX Application Thread] DEBUG Input                - Registered new binding: Move Left - Left
02:01:17.218 [JavaFX Application Thread] DEBUG Input                - Registered new binding: Move Up - Up
02:01:17.218 [JavaFX Application Thread] DEBUG Input                - Registered new binding: Move Down - Down
02:01:17.218 [JavaFX Application Thread] DEBUG FXGLAssetLoaderServi - Loading from file system: jar:file:///C:/Users/telemachus/.gradle/caches/modules-2/files-2.1/com.github.almasb/fxgl/17.1/2a9509aedf54954c9b13849c18c6f495a81c542d/fxgl-17.1.jar!/fxglassets/textures/fxgl_icon.png
02:01:17.242 [JavaFX Application Thread] DEBUG FXGLAssetLoaderServi - Loading from file system: jar:file:///C:/Users/telemachus/.gradle/caches/modules-2/files-2.1/com.github.almasb/fxgl/17.1/2a9509aedf54954c9b13849c18c6f495a81c542d/fxgl-17.1.jar!/fxglassets/textures/fxgl_default_cursor.png
02:01:17.245 [JavaFX Application Thread] DEBUG Input                - Registered new binding: Screenshot - CTRL+8
02:01:17.246 [JavaFX Application Thread] DEBUG Input                - Registered new binding: System info dump - CTRL+9
02:01:17.246 [JavaFX Application Thread] DEBUG Input                - Registered new binding: Restart - CTRL+R
02:01:17.247 [JavaFX Application Thread] DEBUG Input                - Registered new binding: Toggle Debug Camera - CTRL+7
02:01:17.249 [JavaFX Application Thread] DEBUG LoopRunner           - Starting loop
02:01:17.249 [JavaFX Application Thread] DEBUG LoopRunner           - Initializing JavaFX AnimationTimerLoop
02:01:17.251 [JavaFX Application Thread] DEBUG GameApplicationServi - Starting new game
02:01:17.251 [JavaFX Application Thread] DEBUG Input                - Clearing active input actions
02:01:17.264 [JavaFX Application Thread] DEBUG GameApplicationServi - Removing overlay from FXGLStartupScene and adding to FXGLLoadingScene
02:01:17.264 [FXGL Background Thread 4 ] DEBUG FXGLAssetLoaderServi - Loading from file system: jar:file:///C:/Users/telemachus/.gradle/caches/modules-2/files-2.1/com.github.almasb/fxgl/17.1/2a9509aedf54954c9b13849c18c6f495a81c542d/fxgl-17.1.jar!/fxglassets/ui/fonts/Abel-Regular.ttf
02:01:17.265 [JavaFX Application Thread] DEBUG PrimaryStageWindow   - FXGLStartupScene -> FXGLLoadingScene
02:01:17.265 [JavaFX Application Thread] DEBUG GameApplicationServi - Clearing previous game
02:01:17.265 [JavaFX Application Thread] DEBUG GameScene            - Clearing game scene
02:01:17.265 [JavaFX Application Thread] DEBUG GameWorld            - Clearing game world
02:01:17.265 [JavaFX Application Thread] DEBUG PhysicsWorld         - Clearing physics world
02:01:17.268 [FXGL Background Thread 1 ] DEBUG FXGLApplication      - Initializing game
02:01:17.269 [FXGL Background Thread 4 ] DEBUG FXGLAssetLoaderServi - Loading from file system: jar:file:///C:/Users/telemachus/.gradle/caches/modules-2/files-2.1/com.github.almasb/fxgl/17.1/2a9509aedf54954c9b13849c18c6f495a81c542d/fxgl-17.1.jar!/fxglassets/ui/fonts/TerminalLandMono-Regular.otf
02:01:17.276 [FXGL Background Thread 4 ] DEBUG FXGLAssetLoaderServi - Loading from file system: jar:file:///C:/Users/telemachus/.gradle/caches/modules-2/files-2.1/com.github.almasb/fxgl/17.1/2a9509aedf54954c9b13849c18c6f495a81c542d/fxgl-17.1.jar!/fxglassets/ui/fonts/Courier-Prime.ttf
02:01:17.287 [FXGL Background Thread 1 ] WARN  FXGLAssetLoaderServi - Asset "/assets/textures/tile0.png" was not found!
02:01:17.287 [FXGL Background Thread 1 ] WARN  FXGLAssetLoaderServi - Failed to load IMAGE
02:01:17.310 [JavaFX Application Thread] DEBUG FXGLApplication      - Registering font factories with UI factory
02:01:17.387 [FXGL Background Thread 1 ] WARN  FXGLAssetLoaderServi - Asset "/assets/textures/tile.png" was not found!
02:01:17.388 [FXGL Background Thread 1 ] WARN  FXGLAssetLoaderServi - Failed to load IMAGE
02:01:17.392 [FXGL Background Thread 1 ] WARN  FXGLAssetLoaderServi - Asset "/assets/textures/tile.png" was not found!
02:01:17.392 [FXGL Background Thread 1 ] WARN  FXGLAssetLoaderServi - Failed to load IMAGE
02:01:17.394 [FXGL Background Thread 1 ] WARN  FXGLAssetLoaderServi - Asset "/assets/textures/tile.png" was not found!
02:01:17.394 [FXGL Background Thread 1 ] WARN  FXGLAssetLoaderServi - Failed to load IMAGE
02:01:17.395 [FXGL Background Thread 1 ] WARN  FXGLAssetLoaderServi - Asset "/assets/textures/tile.png" was not found!
02:01:17.396 [FXGL Background Thread 1 ] WARN  FXGLAssetLoaderServi - Failed to load IMAGE
02:01:17.407 [FXGL Background Thread 1 ] WARN  FXGLAssetLoaderServi - Asset "/assets/textures/tile.png" was not found!
02:01:17.407 [FXGL Background Thread 1 ] WARN  FXGLAssetLoaderServi - Failed to load IMAGE
02:01:17.408 [FXGL Background Thread 1 ] WARN  FXGLAssetLoaderServi - Asset "/assets/textures/tile.png" was not found!
02:01:17.409 [FXGL Background Thread 1 ] WARN  FXGLAssetLoaderServi - Failed to load IMAGE
02:01:17.410 [FXGL Background Thread 1 ] WARN  FXGLAssetLoaderServi - Asset "/assets/textures/tile.png" was not found!
02:01:17.410 [FXGL Background Thread 1 ] WARN  FXGLAssetLoaderServi - Failed to load IMAGE
02:01:17.411 [FXGL Background Thread 1 ] WARN  FXGLAssetLoaderServi - Asset "/assets/textures/tile.png" was not found!
02:01:17.412 [FXGL Background Thread 1 ] WARN  FXGLAssetLoaderServi - Failed to load IMAGE
02:01:17.413 [FXGL Background Thread 1 ] WARN  FXGLAssetLoaderServi - Asset "/assets/textures/tile.png" was not found!
02:01:17.413 [FXGL Background Thread 1 ] WARN  FXGLAssetLoaderServi - Failed to load IMAGE
02:01:17.415 [FXGL Background Thread 1 ] WARN  FXGLAssetLoaderServi - Asset "/assets/textures/tile.png" was not found!
02:01:17.415 [FXGL Background Thread 1 ] WARN  FXGLAssetLoaderServi - Failed to load IMAGE
02:01:17.427 [FXGL Background Thread 1 ] WARN  FXGLAssetLoaderServi - Asset "/assets/textures/tile.png" was not found!
02:01:17.428 [FXGL Background Thread 1 ] WARN  FXGLAssetLoaderServi - Failed to load IMAGE
02:01:17.429 [FXGL Background Thread 1 ] WARN  FXGLAssetLoaderServi - Asset "/assets/textures/tile.png" was not found!
02:01:17.430 [FXGL Background Thread 1 ] WARN  FXGLAssetLoaderServi - Failed to load IMAGE
02:01:17.431 [FXGL Background Thread 1 ] WARN  FXGLAssetLoaderServi - Asset "/assets/textures/tile.png" was not found!
02:01:17.432 [FXGL Background Thread 1 ] WARN  FXGLAssetLoaderServi - Failed to load IMAGE
02:01:17.434 [FXGL Background Thread 1 ] WARN  FXGLAssetLoaderServi - Asset "/assets/textures/tile.png" was not found!
02:01:17.434 [FXGL Background Thread 1 ] WARN  FXGLAssetLoaderServi - Failed to load IMAGE
02:01:17.436 [FXGL Background Thread 1 ] WARN  FXGLAssetLoaderServi - Asset "/assets/textures/tile.png" was not found!
02:01:17.436 [FXGL Background Thread 1 ] WARN  FXGLAssetLoaderServi - Failed to load IMAGE
02:01:17.458 [FXGL Background Thread 1 ] WARN  FXGLAssetLoaderServi - Asset "/assets/textures/shuffle1.png" was not found!
02:01:17.458 [FXGL Background Thread 1 ] WARN  FXGLAssetLoaderServi - Failed to load IMAGE
02:01:17.458 [FXGL Background Thread 1 ] WARN  FXGLAssetLoaderServi - Asset "/assets/textures/shuffle2.png" was not found!
02:01:17.459 [FXGL Background Thread 1 ] WARN  FXGLAssetLoaderServi - Failed to load IMAGE
02:01:17.461 [FXGL Background Thread 1 ] INFO  FXGLApplication      - Game initialization took: 0.193 sec
02:01:17.485 [JavaFX Application Thread] DEBUG Input                - Clearing active input actions
02:01:17.580 [JavaFX Application Thread] DEBUG GameApplicationServi - Removing overlay from FXGLLoadingScene and adding to GameScene
02:01:17.581 [JavaFX Application Thread] DEBUG PrimaryStageWindow   - FXGLLoadingScene -> GameScene
02:01:20.191 [FXGL Background Thread 3 ] DEBUG Engine               - Logging environment variables
02:01:20.192 [FXGL Background Thread 3 ] DEBUG Engine               - achievements: []
02:01:20.192 [FXGL Background Thread 3 ] DEBUG Engine               - actualHeight: 720.0
02:01:20.193 [FXGL Background Thread 3 ] DEBUG Engine               - actualHeightProperty: ReadOnlyDoubleProperty [value: 720.0]
02:01:20.193 [FXGL Background Thread 3 ] DEBUG Engine               - actualWidth: 880.0
02:01:20.193 [FXGL Background Thread 3 ] DEBUG Engine               - actualWidthProperty: ReadOnlyDoubleProperty [value: 880.0]
02:01:20.194 [FXGL Background Thread 3 ] DEBUG Engine               - appIcon: fxgl_icon.png
02:01:20.194 [FXGL Background Thread 3 ] DEBUG Engine               - applicationMode: DEVELOPER
02:01:20.194 [FXGL Background Thread 3 ] DEBUG Engine               - cSSList: [fxgl_dark.css]
02:01:20.194 [FXGL Background Thread 3 ] DEBUG Engine               - collisionDetectionStrategy: BRUTE_FORCE
02:01:20.194 [FXGL Background Thread 3 ] DEBUG Engine               - configClass: Optional.empty
02:01:20.194 [FXGL Background Thread 3 ] DEBUG Engine               - credits: []
02:01:20.195 [FXGL Background Thread 3 ] DEBUG Engine               - defaultCursor: CursorInfo(imageName=fxgl_default_cursor.png, hotspotX=7.0, hotspotY=6.0)
02:01:20.195 [FXGL Background Thread 3 ] DEBUG Engine               - devBBoxColorProperty: ObjectProperty [value: 0xff0000ff]
02:01:20.196 [FXGL Background Thread 3 ] DEBUG Engine               - devEnableDebugCameraProperty: BooleanProperty [value: false]
02:01:20.196 [FXGL Background Thread 3 ] DEBUG Engine               - devSensorColorProperty: ObjectProperty [value: 0xffff00ff]
02:01:20.196 [FXGL Background Thread 3 ] DEBUG Engine               - devShowBBoxProperty: BooleanProperty [value: false]
02:01:20.196 [FXGL Background Thread 3 ] DEBUG Engine               - devShowPositionProperty: BooleanProperty [value: false]
02:01:20.196 [FXGL Background Thread 3 ] DEBUG Engine               - enabledMenuItems: []
02:01:20.196 [FXGL Background Thread 3 ] DEBUG Engine               - engineServices: [class com.almasb.fxgl.app.services.FXGLAssetLoaderService, class com.almasb.fxgl.app.FXGLApplication$GameApplicationService, class com.almasb.fxgl.app.services.FXGLDialogService, class com.almasb.fxgl.app.services.IOTaskExecutorService, class com.almasb.fxgl.io.FileSystemService, class com.almasb.fxgl.localization.LocalizationService, class com.almasb.fxgl.app.services.SystemBundleService, class com.almasb.fxgl.profile.SaveLoadService, class com.almasb.fxgl.ui.FXGLUIFactoryServiceProvider, class com.almasb.fxgl.ui.FXGLDialogFactoryServiceProvider, class com.almasb.fxgl.audio.AudioPlayer, class com.almasb.fxgl.notification.impl.NotificationServiceProvider, class com.almasb.fxgl.achievement.AchievementService, class com.almasb.fxgl.cutscene.CutsceneService, class com.almasb.fxgl.minigames.MiniGameService, class com.almasb.fxgl.net.NetService, class com.almasb.fxgl.app.services.UpdaterService, class com.almasb.fxgl.dev.DevService]
02:01:20.196 [FXGL Background Thread 3 ] DEBUG Engine               - fontGame: Abel-Regular.ttf
02:01:20.196 [FXGL Background Thread 3 ] DEBUG Engine               - fontMono: TerminalLandMono-Regular.otf
02:01:20.196 [FXGL Background Thread 3 ] DEBUG Engine               - fontText: Courier-Prime.ttf
02:01:20.197 [FXGL Background Thread 3 ] DEBUG Engine               - fontUI: VarelaRound-Regular.ttf
02:01:20.197 [FXGL Background Thread 3 ] DEBUG Engine               - fullScreen: BooleanProperty [value: false]
02:01:20.197 [FXGL Background Thread 3 ] DEBUG Engine               - gameDifficulty: MEDIUM
02:01:20.197 [FXGL Background Thread 3 ] DEBUG Engine               - gameDifficultyProperty: ObjectProperty [value: MEDIUM]
02:01:20.197 [FXGL Background Thread 3 ] DEBUG Engine               - globalMusicVolume: 0.5
02:01:20.197 [FXGL Background Thread 3 ] DEBUG Engine               - globalMusicVolumeProperty: DoubleProperty [value: 0.5]
02:01:20.197 [FXGL Background Thread 3 ] DEBUG Engine               - globalSoundVolume: 0.5
02:01:20.197 [FXGL Background Thread 3 ] DEBUG Engine               - globalSoundVolumeProperty: DoubleProperty [value: 0.5]
02:01:20.198 [FXGL Background Thread 3 ] DEBUG Engine               - height: 720
02:01:20.198 [FXGL Background Thread 3 ] DEBUG Engine               - is3D: false
02:01:20.198 [FXGL Background Thread 3 ] DEBUG Engine               - isAndroid: false
02:01:20.198 [FXGL Background Thread 3 ] DEBUG Engine               - isBrowser: false
02:01:20.198 [FXGL Background Thread 3 ] DEBUG Engine               - isClickFeedbackEnabled: false
02:01:20.198 [FXGL Background Thread 3 ] DEBUG Engine               - isCloseConfirmation: false
02:01:20.198 [FXGL Background Thread 3 ] DEBUG Engine               - isDesktop: true
02:01:20.198 [FXGL Background Thread 3 ] DEBUG Engine               - isDeveloperMenuEnabled: false
02:01:20.198 [FXGL Background Thread 3 ] DEBUG Engine               - isEmbedded: false
02:01:20.198 [FXGL Background Thread 3 ] DEBUG Engine               - isEntityPreloadEnabled: true
02:01:20.198 [FXGL Background Thread 3 ] DEBUG Engine               - isExperimentalTiledLargeMap: false
02:01:20.198 [FXGL Background Thread 3 ] DEBUG Engine               - isFileSystemWriteAllowed: true
02:01:20.199 [FXGL Background Thread 3 ] DEBUG Engine               - isFullScreenAllowed: false
02:01:20.199 [FXGL Background Thread 3 ] DEBUG Engine               - isFullScreenFromStart: false
02:01:20.199 [FXGL Background Thread 3 ] DEBUG Engine               - isGameMenuEnabled: true
02:01:20.199 [FXGL Background Thread 3 ] DEBUG Engine               - isIOS: false
02:01:20.199 [FXGL Background Thread 3 ] DEBUG Engine               - isIntroEnabled: false
02:01:20.199 [FXGL Background Thread 3 ] DEBUG Engine               - isLinux: false
02:01:20.199 [FXGL Background Thread 3 ] DEBUG Engine               - isMac: false
02:01:20.199 [FXGL Background Thread 3 ] DEBUG Engine               - isMainMenuEnabled: false
02:01:20.199 [FXGL Background Thread 3 ] DEBUG Engine               - isManualResizeEnabled: false
02:01:20.199 [FXGL Background Thread 3 ] DEBUG Engine               - isMobile: false
02:01:20.200 [FXGL Background Thread 3 ] DEBUG Engine               - isNative: false
02:01:20.200 [FXGL Background Thread 3 ] DEBUG Engine               - isPauseMusicWhenMinimized: true
02:01:20.200 [FXGL Background Thread 3 ] DEBUG Engine               - isPreserveResizeRatio: false
02:01:20.200 [FXGL Background Thread 3 ] DEBUG Engine               - isProfilingEnabled: false
02:01:20.200 [FXGL Background Thread 3 ] DEBUG Engine               - isScaleAffectedOnResize: true
02:01:20.200 [FXGL Background Thread 3 ] DEBUG Engine               - isSingleStep: false
02:01:20.200 [FXGL Background Thread 3 ] DEBUG Engine               - isUserProfileEnabled: false
02:01:20.200 [FXGL Background Thread 3 ] DEBUG Engine               - isWindows: true
02:01:20.200 [FXGL Background Thread 3 ] DEBUG Engine               - language: ObjectProperty [value: ENGLISH]
02:01:20.200 [FXGL Background Thread 3 ] DEBUG Engine               - menuKey: ESCAPE
02:01:20.200 [FXGL Background Thread 3 ] DEBUG Engine               - mouseSensitivity: 0.2
02:01:20.200 [FXGL Background Thread 3 ] DEBUG Engine               - notificationViewClass: class com.almasb.fxgl.notification.view.XboxNotificationView
02:01:20.200 [FXGL Background Thread 3 ] DEBUG Engine               - pixelsPerMeter: 50.0
02:01:20.201 [FXGL Background Thread 3 ] DEBUG Engine               - platform: WINDOWS
02:01:20.201 [FXGL Background Thread 3 ] DEBUG Engine               - prefHeightProperty: ReadOnlyDoubleProperty [value: 720.0]
02:01:20.201 [FXGL Background Thread 3 ] DEBUG Engine               - prefWidthProperty: ReadOnlyDoubleProperty [value: 880.0]
02:01:20.201 [FXGL Background Thread 3 ] DEBUG Engine               - profileDir: profiles/
02:01:20.201 [FXGL Background Thread 3 ] DEBUG Engine               - profileName: StringProperty [value: DEFAULT]
02:01:20.201 [FXGL Background Thread 3 ] DEBUG Engine               - randomSeed: -1
02:01:20.201 [FXGL Background Thread 3 ] DEBUG Engine               - runtimeInfo: RuntimeInfo(platform=WINDOWS, version=17.1, build=24.03.2022 17.34)
02:01:20.201 [FXGL Background Thread 3 ] DEBUG Engine               - saveFileExt: sav
02:01:20.201 [FXGL Background Thread 3 ] DEBUG Engine               - scaledHeightProp$fxgl: DoubleProperty [bound, value: 720.0]
02:01:20.202 [FXGL Background Thread 3 ] DEBUG Engine               - scaledWidthProp$fxgl: DoubleProperty [bound, value: 880.0]
02:01:20.202 [FXGL Background Thread 3 ] DEBUG Engine               - sceneFactory: com.almasb.fxgl.app.scene.SceneFactory@540c8316
02:01:20.202 [FXGL Background Thread 3 ] DEBUG Engine               - secondsIn24h: 60
02:01:20.202 [FXGL Background Thread 3 ] DEBUG Engine               - soundMenuBack: menu/back.wav
02:01:20.202 [FXGL Background Thread 3 ] DEBUG Engine               - soundMenuPress: menu/press.wav
02:01:20.202 [FXGL Background Thread 3 ] DEBUG Engine               - soundMenuSelect: menu/select.wav
02:01:20.202 [FXGL Background Thread 3 ] DEBUG Engine               - soundNotification: core/notification.wav
02:01:20.202 [FXGL Background Thread 3 ] DEBUG Engine               - stageStyle: DECORATED
02:01:20.202 [FXGL Background Thread 3 ] DEBUG Engine               - supportedLanguages: [ENGLISH, FRENCH, GERMAN, HUNGARIAN, RUSSIAN]
02:01:20.203 [FXGL Background Thread 3 ] DEBUG Engine               - ticksPerSecond: -1
02:01:20.203 [FXGL Background Thread 3 ] DEBUG Engine               - title: Untitled
02:01:20.203 [FXGL Background Thread 3 ] DEBUG Engine               - urlGithub: https://github.com/AlmasB/FXGL
02:01:20.203 [FXGL Background Thread 3 ] DEBUG Engine               - urlLeaderboard: http://fxgl-top.herokuapp.com/
02:01:20.203 [FXGL Background Thread 3 ] DEBUG Engine               - urlPOM: https://raw.githubusercontent.com/AlmasB/FXGL/release/README.md
02:01:20.203 [FXGL Background Thread 3 ] DEBUG Engine               - userAppClass: class puzzleEight.eightpuzzle.EightSlidingPuzzle
02:01:20.203 [FXGL Background Thread 3 ] DEBUG Engine               - version: 1.0
02:01:20.203 [FXGL Background Thread 3 ] DEBUG Engine               - versionCheckDays: 7
02:01:20.203 [FXGL Background Thread 3 ] DEBUG Engine               - width: 880
02:01:20.203 [FXGL Background Thread 3 ] DEBUG Engine               - Logging services
02:01:20.203 [FXGL Background Thread 3 ] DEBUG Engine               - class com.almasb.fxgl.app.services.FXGLAssetLoaderService
02:01:20.203 [FXGL Background Thread 3 ] DEBUG Engine               - class com.almasb.fxgl.app.FXGLApplication$GameApplicationService
02:01:20.203 [FXGL Background Thread 3 ] DEBUG Engine               - class com.almasb.fxgl.app.services.FXGLDialogService
02:01:20.203 [FXGL Background Thread 3 ] DEBUG Engine               - class com.almasb.fxgl.app.services.IOTaskExecutorService
02:01:20.203 [FXGL Background Thread 3 ] DEBUG Engine               - class com.almasb.fxgl.io.FileSystemService
02:01:20.203 [FXGL Background Thread 3 ] DEBUG Engine               - class com.almasb.fxgl.localization.LocalizationService
02:01:20.204 [FXGL Background Thread 3 ] DEBUG Engine               - class com.almasb.fxgl.app.services.SystemBundleService
02:01:20.204 [FXGL Background Thread 3 ] DEBUG Engine               - class com.almasb.fxgl.profile.SaveLoadService
02:01:20.204 [FXGL Background Thread 3 ] DEBUG Engine               - class com.almasb.fxgl.ui.FXGLUIFactoryServiceProvider
02:01:20.204 [FXGL Background Thread 3 ] DEBUG Engine               - class com.almasb.fxgl.ui.FXGLDialogFactoryServiceProvider
02:01:20.204 [FXGL Background Thread 3 ] DEBUG Engine               - class com.almasb.fxgl.audio.AudioPlayer
02:01:20.204 [FXGL Background Thread 3 ] DEBUG Engine               - class com.almasb.fxgl.notification.impl.NotificationServiceProvider
02:01:20.204 [FXGL Background Thread 3 ] DEBUG Engine               - class com.almasb.fxgl.achievement.AchievementService
02:01:20.204 [FXGL Background Thread 3 ] DEBUG Engine               - class com.almasb.fxgl.cutscene.CutsceneService
02:01:20.204 [FXGL Background Thread 3 ] DEBUG Engine               - class com.almasb.fxgl.minigames.MiniGameService
02:01:20.205 [FXGL Background Thread 3 ] DEBUG Engine               - class com.almasb.fxgl.net.NetService
02:01:20.205 [FXGL Background Thread 3 ] DEBUG Engine               - class com.almasb.fxgl.app.services.UpdaterService
02:01:20.205 [FXGL Background Thread 3 ] DEBUG Engine               - class com.almasb.fxgl.dev.DevService
02:01:30.599 [JavaFX Application Thread] DEBUG FXGLApplication      - Exiting FXGL
02:01:30.599 [JavaFX Application Thread] DEBUG LoopRunner           - Stopping loop
02:01:30.599 [JavaFX Application Thread] DEBUG SystemBundleService  - Saving FXGL system data
02:01:30.601 [JavaFX Application Thread] DEBUG FileSystemAccess     - Writing to: D:\Computer-Science\02-24-00109-AI\Assignment1\EightPuzzle\system\fxgl.bundle
02:01:30.603 [JavaFX Application Thread] DEBUG Async                - Shutting down background threads
02:01:30.603 [JavaFX Application Thread] DEBUG PrimaryStageWindow   - Closing main window
02:01:30.613 [JavaFX Application Thread] DEBUG Logger               - Closing Logger
