16:06:42.665 [main                     ] DEBUG Logger               - Configured Logger
16:06:42.693 [main                     ] DEBUG GameApplication      - Logging settings
Title: Welcome
Version: 0.1
Width: 700
Height: 700
Fullscreen: false
Intro: false
Profiling: false
Single step:false
App Mode: DEVELOPER
Menu Key: ESCAPE
Stage Style: DECORATED
Scene Factory: class com.almasb.fxgl.app.scene.SceneFactory

16:06:42.970 [JavaFX Application Thread] DEBUG FXGLApplication      - Initializing FXGL
16:06:42.975 [JavaFX Application Thread] INFO  Engine               - FXGL-17.1 (24.03.2022 17.34) on WINDOWS (J:17.0.3 FX:17.0.1)
16:06:42.975 [JavaFX Application Thread] DEBUG Engine               - JRE Vendor Name: Eclipse Adoptium
16:06:42.976 [JavaFX Application Thread] DEBUG Engine               - Running on OS: Windows 10 version 10.0
16:06:42.976 [JavaFX Application Thread] DEBUG Engine               - Architecture: amd64
16:06:42.976 [JavaFX Application Thread] INFO  Engine               - Source code and latest versions at: https://github.com/AlmasB/FXGL
16:06:42.976 [JavaFX Application Thread] INFO  Engine               -       Ask questions and discuss at: https://github.com/AlmasB/FXGL/discussions
16:06:42.976 [JavaFX Application Thread] INFO  Engine               -              Join the FXGL chat at: https://gitter.im/AlmasB/FXGL
16:06:43.063 [JavaFX Application Thread] DEBUG PrimaryStageWindow   - Creating a JavaFX scene
16:06:43.102 [JavaFX Application Thread] DEBUG PrimaryStageWindow   - Target settings size: 700.0 x 700.0
16:06:43.102 [JavaFX Application Thread] DEBUG PrimaryStageWindow   - Scaled scene size:    700.0 x 700.0
16:06:43.103 [JavaFX Application Thread] DEBUG PrimaryStageWindow   - Scaled ratio: (1.0, 1.0)
16:06:43.104 [JavaFX Application Thread] DEBUG PrimaryStageWindow   - Set initial scene to FXGLStartupScene
16:06:43.111 [JavaFX Application Thread] DEBUG PrimaryStageWindow   - Opening main window
16:06:43.181 [JavaFX Application Thread] DEBUG PrimaryStageWindow   - Window border size: (16.0, 39.0)
16:06:43.181 [JavaFX Application Thread] DEBUG PrimaryStageWindow   - Scaled size: 700.0 x 700.0
16:06:43.182 [JavaFX Application Thread] DEBUG PrimaryStageWindow   - Scaled ratio: (1.0, 1.0)
16:06:43.182 [JavaFX Application Thread] DEBUG PrimaryStageWindow   - Scene size: 700.0 x 700.0
16:06:43.183 [JavaFX Application Thread] DEBUG PrimaryStageWindow   - Stage size: 716.0 x 739.0
16:06:43.189 [FXGL Background Thread 1 ] DEBUG Engine               - Initializing environment variables
16:06:43.232 [FXGL Background Thread 1 ] DEBUG FXGLAssetLoaderServi - User app class for loading assets: class com.connectfourgui.ConnectFourGUI
16:06:43.233 [FXGL Background Thread 1 ] DEBUG GameApplicationServi - Applying CSS: fxgl_dark.css
16:06:43.234 [FXGL Background Thread 1 ] DEBUG FXGLAssetLoaderServi - Loading from file system: jar:file:///C:/Users/telemachus/.gradle/caches/modules-2/files-2.1/com.github.almasb/fxgl/17.1/2a9509aedf54954c9b13849c18c6f495a81c542d/fxgl-17.1.jar!/fxglassets/ui/css/fxgl_dark.css
16:06:43.285 [FXGL Background Thread 1 ] DEBUG GameApplicationServi - Initializing application scenes
16:06:43.340 [FXGL Background Thread 1 ] DEBUG GameWorld            - Game world initialized
16:06:43.411 [FXGL Background Thread 1 ] DEBUG PhysicsWorld         - Physics world initialized: appHeight=700, physics.ppm=50.0
16:06:43.412 [FXGL Background Thread 1 ] DEBUG PhysicsWorld         - Using strategy: BRUTE_FORCE
16:06:43.419 [FXGL Background Thread 1 ] DEBUG GameScene            - Game scene initialized: 700x700
16:06:43.438 [FXGL Background Thread 1 ] WARN  FXGL.DefaultMenu     - FXGLDefaultMenu is not designed for resolutions < 800x600
16:06:43.438 [FXGL Background Thread 1 ] DEBUG FXGL.DefaultMenu     - createMenuBodyGameMenu()
16:06:43.456 [FXGL Background Thread 1 ] DEBUG FXGL.DefaultMenu     - createOptionsMenu()
16:06:43.472 [FXGL Background Thread 1 ] DEBUG FXGLAssetLoaderServi - Loading from file system: jar:file:///C:/Users/telemachus/.gradle/caches/modules-2/files-2.1/com.github.almasb/fxgl/17.1/2a9509aedf54954c9b13849c18c6f495a81c542d/fxgl-17.1.jar!/fxglassets/textures/particles/smoke.png
16:06:43.584 [FXGL Background Thread 1 ] DEBUG FXGLAssetLoaderServi - Loading from file system: jar:file:///C:/Users/telemachus/.gradle/caches/modules-2/files-2.1/com.github.almasb/fxgl/17.1/2a9509aedf54954c9b13849c18c6f495a81c542d/fxgl-17.1.jar!/fxglassets/textures/particles/trace_horizontal.png
16:06:43.621 [FXGL Background Thread 1 ] DEBUG GameApplicationServi - Application scenes initialized
16:06:43.633 [FXGL Background Thread 1 ] DEBUG SystemBundleService  - Loading FXGL system data
16:06:43.637 [FXGL Background Thread 1 ] DEBUG FileSystemAccess     - Reading from: D:\Computer-Science\02-24-00109-AI\Assignment2\ConnectFourGUI\system\fxgl.bundle
16:06:43.643 [FXGL Background Thread 1 ] DEBUG SystemBundleService  - Bundle FXGL: {}
16:06:43.643 [FXGL Background Thread 1 ] DEBUG UpdaterService       - Checking for updates
16:06:43.647 [FXGL Background Thread 4 ] DEBUG FXGLApplication      - Loading fonts
16:06:43.647 [FXGL Background Thread 4 ] DEBUG FXGLAssetLoaderServi - Loading from file system: jar:file:///C:/Users/telemachus/.gradle/caches/modules-2/files-2.1/com.github.almasb/fxgl/17.1/2a9509aedf54954c9b13849c18c6f495a81c542d/fxgl-17.1.jar!/fxglassets/ui/fonts/VarelaRound-Regular.ttf
16:06:43.647 [FXGL Background Thread 1 ] DEBUG FXGLApplication      - Loading default localization
16:06:43.648 [FXGL Background Thread 1 ] DEBUG FXGLAssetLoaderServi - Loading from file system: jar:file:///C:/Users/telemachus/.gradle/caches/modules-2/files-2.1/com.github.almasb/fxgl/17.1/2a9509aedf54954c9b13849c18c6f495a81c542d/fxgl-17.1.jar!/fxglassets/languages/english.lang
16:06:43.673 [FXGL Background Thread 1 ] INFO  FXGLApplication      - FXGL initialization took: 0.484 sec
16:06:43.687 [JavaFX Application Thread] DEBUG Input                - Registered new binding: action0 - A
16:06:43.688 [JavaFX Application Thread] DEBUG Input                - Registered new binding: action1 - D
16:06:43.689 [JavaFX Application Thread] DEBUG Input                - Registered new binding: action2 - S
16:06:43.692 [JavaFX Application Thread] DEBUG Input                - Registered new binding: action3 - LMB
16:06:43.692 [JavaFX Application Thread] DEBUG FXGLAssetLoaderServi - Loading from file system: jar:file:///C:/Users/telemachus/.gradle/caches/modules-2/files-2.1/com.github.almasb/fxgl/17.1/2a9509aedf54954c9b13849c18c6f495a81c542d/fxgl-17.1.jar!/fxglassets/textures/fxgl_icon.png
16:06:43.723 [JavaFX Application Thread] DEBUG FXGLAssetLoaderServi - Loading from file system: jar:file:///C:/Users/telemachus/.gradle/caches/modules-2/files-2.1/com.github.almasb/fxgl/17.1/2a9509aedf54954c9b13849c18c6f495a81c542d/fxgl-17.1.jar!/fxglassets/textures/fxgl_default_cursor.png
16:06:43.726 [JavaFX Application Thread] DEBUG Input                - Registered new binding: Screenshot - CTRL+8
16:06:43.726 [JavaFX Application Thread] DEBUG Input                - Registered new binding: System info dump - CTRL+9
16:06:43.727 [JavaFX Application Thread] DEBUG Input                - Registered new binding: Restart - CTRL+R
16:06:43.727 [JavaFX Application Thread] DEBUG Input                - Registered new binding: Toggle Debug Camera - CTRL+7
16:06:43.730 [JavaFX Application Thread] DEBUG LoopRunner           - Starting loop
16:06:43.731 [JavaFX Application Thread] DEBUG LoopRunner           - Initializing JavaFX AnimationTimerLoop
16:06:43.732 [JavaFX Application Thread] DEBUG GameApplicationServi - Starting new game
16:06:43.733 [JavaFX Application Thread] DEBUG Input                - Clearing active input actions
16:06:43.743 [FXGL Background Thread 4 ] DEBUG FXGLAssetLoaderServi - Loading from file system: jar:file:///C:/Users/telemachus/.gradle/caches/modules-2/files-2.1/com.github.almasb/fxgl/17.1/2a9509aedf54954c9b13849c18c6f495a81c542d/fxgl-17.1.jar!/fxglassets/ui/fonts/Abel-Regular.ttf
16:06:43.748 [JavaFX Application Thread] DEBUG GameApplicationServi - Removing overlay from FXGLStartupScene and adding to FXGLLoadingScene
16:06:43.749 [FXGL Background Thread 4 ] DEBUG FXGLAssetLoaderServi - Loading from file system: jar:file:///C:/Users/telemachus/.gradle/caches/modules-2/files-2.1/com.github.almasb/fxgl/17.1/2a9509aedf54954c9b13849c18c6f495a81c542d/fxgl-17.1.jar!/fxglassets/ui/fonts/TerminalLandMono-Regular.otf
16:06:43.749 [JavaFX Application Thread] DEBUG PrimaryStageWindow   - FXGLStartupScene -> FXGLLoadingScene
16:06:43.749 [JavaFX Application Thread] DEBUG GameApplicationServi - Clearing previous game
16:06:43.749 [JavaFX Application Thread] DEBUG GameScene            - Clearing game scene
16:06:43.749 [JavaFX Application Thread] DEBUG GameWorld            - Clearing game world
16:06:43.749 [JavaFX Application Thread] DEBUG PhysicsWorld         - Clearing physics world
16:06:43.752 [FXGL Background Thread 1 ] DEBUG FXGLApplication      - Initializing game
16:06:43.756 [FXGL Background Thread 4 ] DEBUG FXGLAssetLoaderServi - Loading from file system: jar:file:///C:/Users/telemachus/.gradle/caches/modules-2/files-2.1/com.github.almasb/fxgl/17.1/2a9509aedf54954c9b13849c18c6f495a81c542d/fxgl-17.1.jar!/fxglassets/ui/fonts/Courier-Prime.ttf
16:06:43.841 [FXGL Background Thread 1 ] INFO  FXGLApplication      - Game initialization took: 0.089 sec
16:06:43.869 [JavaFX Application Thread] DEBUG FXGLApplication      - Registering font factories with UI factory
16:06:43.872 [JavaFX Application Thread] DEBUG Input                - Clearing active input actions
16:06:43.888 [JavaFX Application Thread] DEBUG GameApplicationServi - Removing overlay from FXGLLoadingScene and adding to GameScene
16:06:43.888 [JavaFX Application Thread] DEBUG PrimaryStageWindow   - FXGLLoadingScene -> GameScene
16:06:46.646 [FXGL Background Thread 3 ] DEBUG Engine               - Logging environment variables
16:06:46.646 [FXGL Background Thread 3 ] DEBUG Engine               - achievements: []
16:06:46.646 [FXGL Background Thread 3 ] DEBUG Engine               - actualHeight: 700.0
16:06:46.647 [FXGL Background Thread 3 ] DEBUG Engine               - actualHeightProperty: ReadOnlyDoubleProperty [value: 700.0]
16:06:46.647 [FXGL Background Thread 3 ] DEBUG Engine               - actualWidth: 700.0
16:06:46.647 [FXGL Background Thread 3 ] DEBUG Engine               - actualWidthProperty: ReadOnlyDoubleProperty [value: 700.0]
16:06:46.647 [FXGL Background Thread 3 ] DEBUG Engine               - appIcon: fxgl_icon.png
16:06:46.647 [FXGL Background Thread 3 ] DEBUG Engine               - applicationMode: DEVELOPER
16:06:46.647 [FXGL Background Thread 3 ] DEBUG Engine               - cSSList: [fxgl_dark.css]
16:06:46.647 [FXGL Background Thread 3 ] DEBUG Engine               - collisionDetectionStrategy: BRUTE_FORCE
16:06:46.647 [FXGL Background Thread 3 ] DEBUG Engine               - configClass: Optional.empty
16:06:46.647 [FXGL Background Thread 3 ] DEBUG Engine               - credits: []
16:06:46.648 [FXGL Background Thread 3 ] DEBUG Engine               - defaultCursor: CursorInfo(imageName=fxgl_default_cursor.png, hotspotX=7.0, hotspotY=6.0)
16:06:46.648 [FXGL Background Thread 3 ] DEBUG Engine               - devBBoxColorProperty: ObjectProperty [value: 0xff0000ff]
16:06:46.648 [FXGL Background Thread 3 ] DEBUG Engine               - devEnableDebugCameraProperty: BooleanProperty [value: false]
16:06:46.648 [FXGL Background Thread 3 ] DEBUG Engine               - devSensorColorProperty: ObjectProperty [value: 0xffff00ff]
16:06:46.648 [FXGL Background Thread 3 ] DEBUG Engine               - devShowBBoxProperty: BooleanProperty [value: false]
16:06:46.648 [FXGL Background Thread 3 ] DEBUG Engine               - devShowPositionProperty: BooleanProperty [value: false]
16:06:46.648 [FXGL Background Thread 3 ] DEBUG Engine               - enabledMenuItems: []
16:06:46.649 [FXGL Background Thread 3 ] DEBUG Engine               - engineServices: [class com.almasb.fxgl.app.services.FXGLAssetLoaderService, class com.almasb.fxgl.app.FXGLApplication$GameApplicationService, class com.almasb.fxgl.app.services.FXGLDialogService, class com.almasb.fxgl.app.services.IOTaskExecutorService, class com.almasb.fxgl.io.FileSystemService, class com.almasb.fxgl.localization.LocalizationService, class com.almasb.fxgl.app.services.SystemBundleService, class com.almasb.fxgl.profile.SaveLoadService, class com.almasb.fxgl.ui.FXGLUIFactoryServiceProvider, class com.almasb.fxgl.ui.FXGLDialogFactoryServiceProvider, class com.almasb.fxgl.audio.AudioPlayer, class com.almasb.fxgl.notification.impl.NotificationServiceProvider, class com.almasb.fxgl.achievement.AchievementService, class com.almasb.fxgl.cutscene.CutsceneService, class com.almasb.fxgl.minigames.MiniGameService, class com.almasb.fxgl.net.NetService, class com.almasb.fxgl.app.services.UpdaterService, class com.almasb.fxgl.dev.DevService]
16:06:46.649 [FXGL Background Thread 3 ] DEBUG Engine               - fontGame: Abel-Regular.ttf
16:06:46.649 [FXGL Background Thread 3 ] DEBUG Engine               - fontMono: TerminalLandMono-Regular.otf
16:06:46.649 [FXGL Background Thread 3 ] DEBUG Engine               - fontText: Courier-Prime.ttf
16:06:46.649 [FXGL Background Thread 3 ] DEBUG Engine               - fontUI: VarelaRound-Regular.ttf
16:06:46.649 [FXGL Background Thread 3 ] DEBUG Engine               - fullScreen: BooleanProperty [value: false]
16:06:46.649 [FXGL Background Thread 3 ] DEBUG Engine               - gameDifficulty: MEDIUM
16:06:46.649 [FXGL Background Thread 3 ] DEBUG Engine               - gameDifficultyProperty: ObjectProperty [value: MEDIUM]
16:06:46.649 [FXGL Background Thread 3 ] DEBUG Engine               - globalMusicVolume: 0.5
16:06:46.649 [FXGL Background Thread 3 ] DEBUG Engine               - globalMusicVolumeProperty: DoubleProperty [value: 0.5]
16:06:46.649 [FXGL Background Thread 3 ] DEBUG Engine               - globalSoundVolume: 0.5
16:06:46.649 [FXGL Background Thread 3 ] DEBUG Engine               - globalSoundVolumeProperty: DoubleProperty [value: 0.5]
16:06:46.649 [FXGL Background Thread 3 ] DEBUG Engine               - height: 700
16:06:46.650 [FXGL Background Thread 3 ] DEBUG Engine               - is3D: false
16:06:46.650 [FXGL Background Thread 3 ] DEBUG Engine               - isAndroid: false
16:06:46.650 [FXGL Background Thread 3 ] DEBUG Engine               - isBrowser: false
16:06:46.650 [FXGL Background Thread 3 ] DEBUG Engine               - isClickFeedbackEnabled: false
16:06:46.650 [FXGL Background Thread 3 ] DEBUG Engine               - isCloseConfirmation: false
16:06:46.650 [FXGL Background Thread 3 ] DEBUG Engine               - isDesktop: true
16:06:46.650 [FXGL Background Thread 3 ] DEBUG Engine               - isDeveloperMenuEnabled: false
16:06:46.650 [FXGL Background Thread 3 ] DEBUG Engine               - isEmbedded: false
16:06:46.650 [FXGL Background Thread 3 ] DEBUG Engine               - isEntityPreloadEnabled: true
16:06:46.650 [FXGL Background Thread 3 ] DEBUG Engine               - isExperimentalTiledLargeMap: false
16:06:46.651 [FXGL Background Thread 3 ] DEBUG Engine               - isFileSystemWriteAllowed: true
16:06:46.651 [FXGL Background Thread 3 ] DEBUG Engine               - isFullScreenAllowed: false
16:06:46.651 [FXGL Background Thread 3 ] DEBUG Engine               - isFullScreenFromStart: false
16:06:46.651 [FXGL Background Thread 3 ] DEBUG Engine               - isGameMenuEnabled: true
16:06:46.651 [FXGL Background Thread 3 ] DEBUG Engine               - isIOS: false
16:06:46.651 [FXGL Background Thread 3 ] DEBUG Engine               - isIntroEnabled: false
16:06:46.651 [FXGL Background Thread 3 ] DEBUG Engine               - isLinux: false
16:06:46.651 [FXGL Background Thread 3 ] DEBUG Engine               - isMac: false
16:06:46.652 [FXGL Background Thread 3 ] DEBUG Engine               - isMainMenuEnabled: false
16:06:46.652 [FXGL Background Thread 3 ] DEBUG Engine               - isManualResizeEnabled: false
16:06:46.652 [FXGL Background Thread 3 ] DEBUG Engine               - isMobile: false
16:06:46.652 [FXGL Background Thread 3 ] DEBUG Engine               - isNative: false
16:06:46.652 [FXGL Background Thread 3 ] DEBUG Engine               - isPauseMusicWhenMinimized: true
16:06:46.652 [FXGL Background Thread 3 ] DEBUG Engine               - isPreserveResizeRatio: false
16:06:46.652 [FXGL Background Thread 3 ] DEBUG Engine               - isProfilingEnabled: false
16:06:46.654 [FXGL Background Thread 3 ] DEBUG Engine               - isScaleAffectedOnResize: true
16:06:46.654 [FXGL Background Thread 3 ] DEBUG Engine               - isSingleStep: false
16:06:46.654 [FXGL Background Thread 3 ] DEBUG Engine               - isUserProfileEnabled: false
16:06:46.654 [FXGL Background Thread 3 ] DEBUG Engine               - isWindows: true
16:06:46.654 [FXGL Background Thread 3 ] DEBUG Engine               - language: ObjectProperty [value: ENGLISH]
16:06:46.654 [FXGL Background Thread 3 ] DEBUG Engine               - menuKey: ESCAPE
16:06:46.654 [FXGL Background Thread 3 ] DEBUG Engine               - mouseSensitivity: 0.2
16:06:46.654 [FXGL Background Thread 3 ] DEBUG Engine               - notificationViewClass: class com.almasb.fxgl.notification.view.XboxNotificationView
16:06:46.655 [FXGL Background Thread 3 ] DEBUG Engine               - pixelsPerMeter: 50.0
16:06:46.655 [FXGL Background Thread 3 ] DEBUG Engine               - platform: WINDOWS
16:06:46.655 [FXGL Background Thread 3 ] DEBUG Engine               - prefHeightProperty: ReadOnlyDoubleProperty [value: 700.0]
16:06:46.655 [FXGL Background Thread 3 ] DEBUG Engine               - prefWidthProperty: ReadOnlyDoubleProperty [value: 700.0]
16:06:46.655 [FXGL Background Thread 3 ] DEBUG Engine               - profileDir: profiles/
16:06:46.655 [FXGL Background Thread 3 ] DEBUG Engine               - profileName: StringProperty [value: DEFAULT]
16:06:46.655 [FXGL Background Thread 3 ] DEBUG Engine               - randomSeed: -1
16:06:46.656 [FXGL Background Thread 3 ] DEBUG Engine               - runtimeInfo: RuntimeInfo(platform=WINDOWS, version=17.1, build=24.03.2022 17.34)
16:06:46.656 [FXGL Background Thread 3 ] DEBUG Engine               - saveFileExt: sav
16:06:46.656 [FXGL Background Thread 3 ] DEBUG Engine               - scaledHeightProp$fxgl: DoubleProperty [bound, value: 700.0]
16:06:46.656 [FXGL Background Thread 3 ] DEBUG Engine               - scaledWidthProp$fxgl: DoubleProperty [bound, value: 700.0]
16:06:46.656 [FXGL Background Thread 3 ] DEBUG Engine               - sceneFactory: com.almasb.fxgl.app.scene.SceneFactory@3b74c766
16:06:46.656 [FXGL Background Thread 3 ] DEBUG Engine               - secondsIn24h: 60
16:06:46.656 [FXGL Background Thread 3 ] DEBUG Engine               - soundMenuBack: menu/back.wav
16:06:46.656 [FXGL Background Thread 3 ] DEBUG Engine               - soundMenuPress: menu/press.wav
16:06:46.656 [FXGL Background Thread 3 ] DEBUG Engine               - soundMenuSelect: menu/select.wav
16:06:46.656 [FXGL Background Thread 3 ] DEBUG Engine               - soundNotification: core/notification.wav
16:06:46.656 [FXGL Background Thread 3 ] DEBUG Engine               - stageStyle: DECORATED
16:06:46.657 [FXGL Background Thread 3 ] DEBUG Engine               - supportedLanguages: [ENGLISH, FRENCH, GERMAN, HUNGARIAN, RUSSIAN]
16:06:46.657 [FXGL Background Thread 3 ] DEBUG Engine               - ticksPerSecond: -1
16:06:46.657 [FXGL Background Thread 3 ] DEBUG Engine               - title: Welcome
16:06:46.657 [FXGL Background Thread 3 ] DEBUG Engine               - urlGithub: https://github.com/AlmasB/FXGL
16:06:46.657 [FXGL Background Thread 3 ] DEBUG Engine               - urlLeaderboard: http://fxgl-top.herokuapp.com/
16:06:46.657 [FXGL Background Thread 3 ] DEBUG Engine               - urlPOM: https://raw.githubusercontent.com/AlmasB/FXGL/release/README.md
16:06:46.658 [FXGL Background Thread 3 ] DEBUG Engine               - userAppClass: class com.connectfourgui.ConnectFourGUI
16:06:46.658 [FXGL Background Thread 3 ] DEBUG Engine               - version: 0.1
16:06:46.658 [FXGL Background Thread 3 ] DEBUG Engine               - versionCheckDays: 7
16:06:46.658 [FXGL Background Thread 3 ] DEBUG Engine               - width: 700
16:06:46.658 [FXGL Background Thread 3 ] DEBUG Engine               - Logging services
16:06:46.658 [FXGL Background Thread 3 ] DEBUG Engine               - class com.almasb.fxgl.app.services.FXGLAssetLoaderService
16:06:46.658 [FXGL Background Thread 3 ] DEBUG Engine               - class com.almasb.fxgl.app.FXGLApplication$GameApplicationService
16:06:46.658 [FXGL Background Thread 3 ] DEBUG Engine               - class com.almasb.fxgl.app.services.FXGLDialogService
16:06:46.659 [FXGL Background Thread 3 ] DEBUG Engine               - class com.almasb.fxgl.app.services.IOTaskExecutorService
16:06:46.659 [FXGL Background Thread 3 ] DEBUG Engine               - class com.almasb.fxgl.io.FileSystemService
16:06:46.659 [FXGL Background Thread 3 ] DEBUG Engine               - class com.almasb.fxgl.localization.LocalizationService
16:06:46.659 [FXGL Background Thread 3 ] DEBUG Engine               - class com.almasb.fxgl.app.services.SystemBundleService
16:06:46.659 [FXGL Background Thread 3 ] DEBUG Engine               - class com.almasb.fxgl.profile.SaveLoadService
16:06:46.659 [FXGL Background Thread 3 ] DEBUG Engine               - class com.almasb.fxgl.ui.FXGLUIFactoryServiceProvider
16:06:46.659 [FXGL Background Thread 3 ] DEBUG Engine               - class com.almasb.fxgl.ui.FXGLDialogFactoryServiceProvider
16:06:46.659 [FXGL Background Thread 3 ] DEBUG Engine               - class com.almasb.fxgl.audio.AudioPlayer
16:06:46.659 [FXGL Background Thread 3 ] DEBUG Engine               - class com.almasb.fxgl.notification.impl.NotificationServiceProvider
16:06:46.660 [FXGL Background Thread 3 ] DEBUG Engine               - class com.almasb.fxgl.achievement.AchievementService
16:06:46.660 [FXGL Background Thread 3 ] DEBUG Engine               - class com.almasb.fxgl.cutscene.CutsceneService
16:06:46.660 [FXGL Background Thread 3 ] DEBUG Engine               - class com.almasb.fxgl.minigames.MiniGameService
16:06:46.660 [FXGL Background Thread 3 ] DEBUG Engine               - class com.almasb.fxgl.net.NetService
16:06:46.660 [FXGL Background Thread 3 ] DEBUG Engine               - class com.almasb.fxgl.app.services.UpdaterService
16:06:46.660 [FXGL Background Thread 3 ] DEBUG Engine               - class com.almasb.fxgl.dev.DevService
16:06:59.876 [JavaFX Application Thread] DEBUG PrimaryStageWindow   - Push state: DialogSubScene
16:06:59.877 [JavaFX Application Thread] DEBUG Input                - Clearing active input actions
16:06:59.880 [JavaFX Application Thread] DEBUG GameApplicationServi - Removing overlay from GameScene and adding to DialogSubScene
16:06:59.881 [JavaFX Application Thread] DEBUG PrimaryStageWindow   - GameScene -> DialogSubScene
16:07:01.000 [JavaFX Application Thread] DEBUG FXGLApplication      - Exiting FXGL
16:07:01.000 [JavaFX Application Thread] DEBUG LoopRunner           - Stopping loop
16:07:01.001 [JavaFX Application Thread] DEBUG SystemBundleService  - Saving FXGL system data
16:07:01.003 [JavaFX Application Thread] DEBUG FileSystemAccess     - Writing to: D:\Computer-Science\02-24-00109-AI\Assignment2\ConnectFourGUI\system\fxgl.bundle
16:07:01.005 [JavaFX Application Thread] DEBUG Async                - Shutting down background threads
16:07:01.005 [JavaFX Application Thread] DEBUG PrimaryStageWindow   - Closing main window
16:07:01.029 [JavaFX Application Thread] DEBUG Logger               - Closing Logger
