16:25:20.831 [main                     ] DEBUG Logger               - Configured Logger
16:25:20.860 [main                     ] DEBUG GameApplication      - Logging settings
Title: Welcome
Version: 0.1
Width: 700
Height: 700
Fullscreen: false
Intro: false
Profiling: false
Single step:false
App Mode: DEVELOPER
Menu Key: ESCAPE
Stage Style: DECORATED
Scene Factory: class com.almasb.fxgl.app.scene.SceneFactory

16:25:21.164 [JavaFX Application Thread] DEBUG FXGLApplication      - Initializing FXGL
16:25:21.169 [JavaFX Application Thread] INFO  Engine               - FXGL-17.1 (24.03.2022 17.34) on WINDOWS (J:17.0.3 FX:17.0.1)
16:25:21.170 [JavaFX Application Thread] DEBUG Engine               - JRE Vendor Name: Eclipse Adoptium
16:25:21.170 [JavaFX Application Thread] DEBUG Engine               - Running on OS: Windows 10 version 10.0
16:25:21.170 [JavaFX Application Thread] DEBUG Engine               - Architecture: amd64
16:25:21.170 [JavaFX Application Thread] INFO  Engine               - Source code and latest versions at: https://github.com/AlmasB/FXGL
16:25:21.171 [JavaFX Application Thread] INFO  Engine               -       Ask questions and discuss at: https://github.com/AlmasB/FXGL/discussions
16:25:21.171 [JavaFX Application Thread] INFO  Engine               -              Join the FXGL chat at: https://gitter.im/AlmasB/FXGL
16:25:21.263 [JavaFX Application Thread] DEBUG PrimaryStageWindow   - Creating a JavaFX scene
16:25:21.303 [JavaFX Application Thread] DEBUG PrimaryStageWindow   - Target settings size: 700.0 x 700.0
16:25:21.303 [JavaFX Application Thread] DEBUG PrimaryStageWindow   - Scaled scene size:    700.0 x 700.0
16:25:21.303 [JavaFX Application Thread] DEBUG PrimaryStageWindow   - Scaled ratio: (1.0, 1.0)
16:25:21.304 [JavaFX Application Thread] DEBUG PrimaryStageWindow   - Set initial scene to FXGLStartupScene
16:25:21.312 [JavaFX Application Thread] DEBUG PrimaryStageWindow   - Opening main window
16:25:21.390 [JavaFX Application Thread] DEBUG PrimaryStageWindow   - Window border size: (16.0, 39.0)
16:25:21.391 [JavaFX Application Thread] DEBUG PrimaryStageWindow   - Scaled size: 700.0 x 700.0
16:25:21.391 [JavaFX Application Thread] DEBUG PrimaryStageWindow   - Scaled ratio: (1.0, 1.0)
16:25:21.392 [JavaFX Application Thread] DEBUG PrimaryStageWindow   - Scene size: 700.0 x 700.0
16:25:21.392 [JavaFX Application Thread] DEBUG PrimaryStageWindow   - Stage size: 716.0 x 739.0
16:25:21.401 [FXGL Background Thread 1 ] DEBUG Engine               - Initializing environment variables
16:25:21.449 [FXGL Background Thread 1 ] DEBUG FXGLAssetLoaderServi - User app class for loading assets: class com.connectfourgui.ConnectFourGUI
16:25:21.450 [FXGL Background Thread 1 ] DEBUG GameApplicationServi - Applying CSS: fxgl_dark.css
16:25:21.453 [FXGL Background Thread 1 ] DEBUG FXGLAssetLoaderServi - Loading from file system: jar:file:///C:/Users/telemachus/.gradle/caches/modules-2/files-2.1/com.github.almasb/fxgl/17.1/2a9509aedf54954c9b13849c18c6f495a81c542d/fxgl-17.1.jar!/fxglassets/ui/css/fxgl_dark.css
16:25:21.509 [FXGL Background Thread 1 ] DEBUG GameApplicationServi - Initializing application scenes
16:25:21.588 [FXGL Background Thread 1 ] DEBUG GameWorld            - Game world initialized
16:25:21.676 [FXGL Background Thread 1 ] DEBUG PhysicsWorld         - Physics world initialized: appHeight=700, physics.ppm=50.0
16:25:21.676 [FXGL Background Thread 1 ] DEBUG PhysicsWorld         - Using strategy: BRUTE_FORCE
16:25:21.686 [FXGL Background Thread 1 ] DEBUG GameScene            - Game scene initialized: 700x700
16:25:21.709 [FXGL Background Thread 1 ] WARN  FXGL.DefaultMenu     - FXGLDefaultMenu is not designed for resolutions < 800x600
16:25:21.709 [FXGL Background Thread 1 ] DEBUG FXGL.DefaultMenu     - createMenuBodyGameMenu()
16:25:21.727 [FXGL Background Thread 1 ] DEBUG FXGL.DefaultMenu     - createOptionsMenu()
16:25:21.741 [FXGL Background Thread 1 ] DEBUG FXGLAssetLoaderServi - Loading from file system: jar:file:///C:/Users/telemachus/.gradle/caches/modules-2/files-2.1/com.github.almasb/fxgl/17.1/2a9509aedf54954c9b13849c18c6f495a81c542d/fxgl-17.1.jar!/fxglassets/textures/particles/smoke.png
16:25:21.845 [FXGL Background Thread 1 ] DEBUG FXGLAssetLoaderServi - Loading from file system: jar:file:///C:/Users/telemachus/.gradle/caches/modules-2/files-2.1/com.github.almasb/fxgl/17.1/2a9509aedf54954c9b13849c18c6f495a81c542d/fxgl-17.1.jar!/fxglassets/textures/particles/trace_horizontal.png
16:25:21.882 [FXGL Background Thread 1 ] DEBUG GameApplicationServi - Application scenes initialized
16:25:21.896 [FXGL Background Thread 1 ] DEBUG SystemBundleService  - Loading FXGL system data
16:25:21.901 [FXGL Background Thread 1 ] DEBUG FileSystemAccess     - Reading from: D:\Computer-Science\02-24-00109-AI\Assignment2\ConnectFourGUI\system\fxgl.bundle
16:25:21.909 [FXGL Background Thread 1 ] DEBUG SystemBundleService  - Bundle FXGL: {}
16:25:21.909 [FXGL Background Thread 1 ] DEBUG UpdaterService       - Checking for updates
16:25:21.913 [FXGL Background Thread 4 ] DEBUG FXGLApplication      - Loading fonts
16:25:21.913 [FXGL Background Thread 4 ] DEBUG FXGLAssetLoaderServi - Loading from file system: jar:file:///C:/Users/telemachus/.gradle/caches/modules-2/files-2.1/com.github.almasb/fxgl/17.1/2a9509aedf54954c9b13849c18c6f495a81c542d/fxgl-17.1.jar!/fxglassets/ui/fonts/VarelaRound-Regular.ttf
16:25:21.914 [FXGL Background Thread 1 ] DEBUG FXGLApplication      - Loading default localization
16:25:21.914 [FXGL Background Thread 1 ] DEBUG FXGLAssetLoaderServi - Loading from file system: jar:file:///C:/Users/telemachus/.gradle/caches/modules-2/files-2.1/com.github.almasb/fxgl/17.1/2a9509aedf54954c9b13849c18c6f495a81c542d/fxgl-17.1.jar!/fxglassets/languages/english.lang
16:25:21.936 [FXGL Background Thread 1 ] INFO  FXGLApplication      - FXGL initialization took: 0.535 sec
16:25:21.953 [JavaFX Application Thread] DEBUG Input                - Registered new binding: action0 - A
16:25:21.953 [JavaFX Application Thread] DEBUG Input                - Registered new binding: action1 - D
16:25:21.955 [JavaFX Application Thread] DEBUG Input                - Registered new binding: action2 - S
16:25:21.957 [JavaFX Application Thread] DEBUG Input                - Registered new binding: action3 - LMB
16:25:21.958 [JavaFX Application Thread] DEBUG FXGLAssetLoaderServi - Loading from file system: jar:file:///C:/Users/telemachus/.gradle/caches/modules-2/files-2.1/com.github.almasb/fxgl/17.1/2a9509aedf54954c9b13849c18c6f495a81c542d/fxgl-17.1.jar!/fxglassets/textures/fxgl_icon.png
16:25:21.991 [JavaFX Application Thread] DEBUG FXGLAssetLoaderServi - Loading from file system: jar:file:///C:/Users/telemachus/.gradle/caches/modules-2/files-2.1/com.github.almasb/fxgl/17.1/2a9509aedf54954c9b13849c18c6f495a81c542d/fxgl-17.1.jar!/fxglassets/textures/fxgl_default_cursor.png
16:25:21.994 [JavaFX Application Thread] DEBUG Input                - Registered new binding: Screenshot - CTRL+8
16:25:21.995 [JavaFX Application Thread] DEBUG Input                - Registered new binding: System info dump - CTRL+9
16:25:21.996 [JavaFX Application Thread] DEBUG Input                - Registered new binding: Restart - CTRL+R
16:25:21.998 [JavaFX Application Thread] DEBUG Input                - Registered new binding: Toggle Debug Camera - CTRL+7
16:25:22.001 [JavaFX Application Thread] DEBUG LoopRunner           - Starting loop
16:25:22.001 [JavaFX Application Thread] DEBUG LoopRunner           - Initializing JavaFX AnimationTimerLoop
16:25:22.003 [JavaFX Application Thread] DEBUG GameApplicationServi - Starting new game
16:25:22.004 [JavaFX Application Thread] DEBUG Input                - Clearing active input actions
16:25:22.043 [JavaFX Application Thread] DEBUG GameApplicationServi - Removing overlay from FXGLStartupScene and adding to FXGLLoadingScene
16:25:22.044 [JavaFX Application Thread] DEBUG PrimaryStageWindow   - FXGLStartupScene -> FXGLLoadingScene
16:25:22.044 [JavaFX Application Thread] DEBUG GameApplicationServi - Clearing previous game
16:25:22.045 [JavaFX Application Thread] DEBUG GameScene            - Clearing game scene
16:25:22.046 [JavaFX Application Thread] DEBUG GameWorld            - Clearing game world
16:25:22.047 [JavaFX Application Thread] DEBUG PhysicsWorld         - Clearing physics world
16:25:22.052 [FXGL Background Thread 1 ] DEBUG FXGLApplication      - Initializing game
16:25:22.095 [FXGL Background Thread 4 ] DEBUG FXGLAssetLoaderServi - Loading from file system: jar:file:///C:/Users/telemachus/.gradle/caches/modules-2/files-2.1/com.github.almasb/fxgl/17.1/2a9509aedf54954c9b13849c18c6f495a81c542d/fxgl-17.1.jar!/fxglassets/ui/fonts/Abel-Regular.ttf
16:25:22.101 [FXGL Background Thread 4 ] DEBUG FXGLAssetLoaderServi - Loading from file system: jar:file:///C:/Users/telemachus/.gradle/caches/modules-2/files-2.1/com.github.almasb/fxgl/17.1/2a9509aedf54954c9b13849c18c6f495a81c542d/fxgl-17.1.jar!/fxglassets/ui/fonts/TerminalLandMono-Regular.otf
16:25:22.107 [FXGL Background Thread 4 ] DEBUG FXGLAssetLoaderServi - Loading from file system: jar:file:///C:/Users/telemachus/.gradle/caches/modules-2/files-2.1/com.github.almasb/fxgl/17.1/2a9509aedf54954c9b13849c18c6f495a81c542d/fxgl-17.1.jar!/fxglassets/ui/fonts/Courier-Prime.ttf
16:25:22.136 [FXGL Background Thread 1 ] INFO  FXGLApplication      - Game initialization took: 0.085 sec
16:25:22.209 [JavaFX Application Thread] DEBUG FXGLApplication      - Registering font factories with UI factory
16:25:22.214 [JavaFX Application Thread] DEBUG Input                - Clearing active input actions
16:25:22.256 [JavaFX Application Thread] DEBUG GameApplicationServi - Removing overlay from FXGLLoadingScene and adding to GameScene
16:25:22.256 [JavaFX Application Thread] DEBUG PrimaryStageWindow   - FXGLLoadingScene -> GameScene
16:25:24.913 [FXGL Background Thread 3 ] DEBUG Engine               - Logging environment variables
16:25:24.914 [FXGL Background Thread 3 ] DEBUG Engine               - achievements: []
16:25:24.914 [FXGL Background Thread 3 ] DEBUG Engine               - actualHeight: 700.0
16:25:24.914 [FXGL Background Thread 3 ] DEBUG Engine               - actualHeightProperty: ReadOnlyDoubleProperty [value: 700.0]
16:25:24.914 [FXGL Background Thread 3 ] DEBUG Engine               - actualWidth: 700.0
16:25:24.914 [FXGL Background Thread 3 ] DEBUG Engine               - actualWidthProperty: ReadOnlyDoubleProperty [value: 700.0]
16:25:24.914 [FXGL Background Thread 3 ] DEBUG Engine               - appIcon: fxgl_icon.png
16:25:24.914 [FXGL Background Thread 3 ] DEBUG Engine               - applicationMode: DEVELOPER
16:25:24.914 [FXGL Background Thread 3 ] DEBUG Engine               - cSSList: [fxgl_dark.css]
16:25:24.914 [FXGL Background Thread 3 ] DEBUG Engine               - collisionDetectionStrategy: BRUTE_FORCE
16:25:24.914 [FXGL Background Thread 3 ] DEBUG Engine               - configClass: Optional.empty
16:25:24.914 [FXGL Background Thread 3 ] DEBUG Engine               - credits: []
16:25:24.915 [FXGL Background Thread 3 ] DEBUG Engine               - defaultCursor: CursorInfo(imageName=fxgl_default_cursor.png, hotspotX=7.0, hotspotY=6.0)
16:25:24.915 [FXGL Background Thread 3 ] DEBUG Engine               - devBBoxColorProperty: ObjectProperty [value: 0xff0000ff]
16:25:24.915 [FXGL Background Thread 3 ] DEBUG Engine               - devEnableDebugCameraProperty: BooleanProperty [value: false]
16:25:24.915 [FXGL Background Thread 3 ] DEBUG Engine               - devSensorColorProperty: ObjectProperty [value: 0xffff00ff]
16:25:24.916 [FXGL Background Thread 3 ] DEBUG Engine               - devShowBBoxProperty: BooleanProperty [value: false]
16:25:24.916 [FXGL Background Thread 3 ] DEBUG Engine               - devShowPositionProperty: BooleanProperty [value: false]
16:25:24.916 [FXGL Background Thread 3 ] DEBUG Engine               - enabledMenuItems: []
16:25:24.916 [FXGL Background Thread 3 ] DEBUG Engine               - engineServices: [class com.almasb.fxgl.app.services.FXGLAssetLoaderService, class com.almasb.fxgl.app.FXGLApplication$GameApplicationService, class com.almasb.fxgl.app.services.FXGLDialogService, class com.almasb.fxgl.app.services.IOTaskExecutorService, class com.almasb.fxgl.io.FileSystemService, class com.almasb.fxgl.localization.LocalizationService, class com.almasb.fxgl.app.services.SystemBundleService, class com.almasb.fxgl.profile.SaveLoadService, class com.almasb.fxgl.ui.FXGLUIFactoryServiceProvider, class com.almasb.fxgl.ui.FXGLDialogFactoryServiceProvider, class com.almasb.fxgl.audio.AudioPlayer, class com.almasb.fxgl.notification.impl.NotificationServiceProvider, class com.almasb.fxgl.achievement.AchievementService, class com.almasb.fxgl.cutscene.CutsceneService, class com.almasb.fxgl.minigames.MiniGameService, class com.almasb.fxgl.net.NetService, class com.almasb.fxgl.app.services.UpdaterService, class com.almasb.fxgl.dev.DevService]
16:25:24.916 [FXGL Background Thread 3 ] DEBUG Engine               - fontGame: Abel-Regular.ttf
16:25:24.916 [FXGL Background Thread 3 ] DEBUG Engine               - fontMono: TerminalLandMono-Regular.otf
16:25:24.916 [FXGL Background Thread 3 ] DEBUG Engine               - fontText: Courier-Prime.ttf
16:25:24.916 [FXGL Background Thread 3 ] DEBUG Engine               - fontUI: VarelaRound-Regular.ttf
16:25:24.916 [FXGL Background Thread 3 ] DEBUG Engine               - fullScreen: BooleanProperty [value: false]
16:25:24.916 [FXGL Background Thread 3 ] DEBUG Engine               - gameDifficulty: MEDIUM
16:25:24.916 [FXGL Background Thread 3 ] DEBUG Engine               - gameDifficultyProperty: ObjectProperty [value: MEDIUM]
16:25:24.916 [FXGL Background Thread 3 ] DEBUG Engine               - globalMusicVolume: 0.5
16:25:24.916 [FXGL Background Thread 3 ] DEBUG Engine               - globalMusicVolumeProperty: DoubleProperty [value: 0.5]
16:25:24.916 [FXGL Background Thread 3 ] DEBUG Engine               - globalSoundVolume: 0.5
16:25:24.917 [FXGL Background Thread 3 ] DEBUG Engine               - globalSoundVolumeProperty: DoubleProperty [value: 0.5]
16:25:24.917 [FXGL Background Thread 3 ] DEBUG Engine               - height: 700
16:25:24.917 [FXGL Background Thread 3 ] DEBUG Engine               - is3D: false
16:25:24.917 [FXGL Background Thread 3 ] DEBUG Engine               - isAndroid: false
16:25:24.917 [FXGL Background Thread 3 ] DEBUG Engine               - isBrowser: false
16:25:24.917 [FXGL Background Thread 3 ] DEBUG Engine               - isClickFeedbackEnabled: false
16:25:24.917 [FXGL Background Thread 3 ] DEBUG Engine               - isCloseConfirmation: false
16:25:24.917 [FXGL Background Thread 3 ] DEBUG Engine               - isDesktop: true
16:25:24.917 [FXGL Background Thread 3 ] DEBUG Engine               - isDeveloperMenuEnabled: false
16:25:24.917 [FXGL Background Thread 3 ] DEBUG Engine               - isEmbedded: false
16:25:24.918 [FXGL Background Thread 3 ] DEBUG Engine               - isEntityPreloadEnabled: true
16:25:24.918 [FXGL Background Thread 3 ] DEBUG Engine               - isExperimentalTiledLargeMap: false
16:25:24.918 [FXGL Background Thread 3 ] DEBUG Engine               - isFileSystemWriteAllowed: true
16:25:24.918 [FXGL Background Thread 3 ] DEBUG Engine               - isFullScreenAllowed: false
16:25:24.918 [FXGL Background Thread 3 ] DEBUG Engine               - isFullScreenFromStart: false
16:25:24.918 [FXGL Background Thread 3 ] DEBUG Engine               - isGameMenuEnabled: true
16:25:24.918 [FXGL Background Thread 3 ] DEBUG Engine               - isIOS: false
16:25:24.919 [FXGL Background Thread 3 ] DEBUG Engine               - isIntroEnabled: false
16:25:24.919 [FXGL Background Thread 3 ] DEBUG Engine               - isLinux: false
16:25:24.919 [FXGL Background Thread 3 ] DEBUG Engine               - isMac: false
16:25:24.919 [FXGL Background Thread 3 ] DEBUG Engine               - isMainMenuEnabled: false
16:25:24.919 [FXGL Background Thread 3 ] DEBUG Engine               - isManualResizeEnabled: false
16:25:24.919 [FXGL Background Thread 3 ] DEBUG Engine               - isMobile: false
16:25:24.919 [FXGL Background Thread 3 ] DEBUG Engine               - isNative: false
16:25:24.919 [FXGL Background Thread 3 ] DEBUG Engine               - isPauseMusicWhenMinimized: true
16:25:24.920 [FXGL Background Thread 3 ] DEBUG Engine               - isPreserveResizeRatio: false
16:25:24.920 [FXGL Background Thread 3 ] DEBUG Engine               - isProfilingEnabled: false
16:25:24.920 [FXGL Background Thread 3 ] DEBUG Engine               - isScaleAffectedOnResize: true
16:25:24.920 [FXGL Background Thread 3 ] DEBUG Engine               - isSingleStep: false
16:25:24.920 [FXGL Background Thread 3 ] DEBUG Engine               - isUserProfileEnabled: false
16:25:24.920 [FXGL Background Thread 3 ] DEBUG Engine               - isWindows: true
16:25:24.920 [FXGL Background Thread 3 ] DEBUG Engine               - language: ObjectProperty [value: ENGLISH]
16:25:24.920 [FXGL Background Thread 3 ] DEBUG Engine               - menuKey: ESCAPE
16:25:24.921 [FXGL Background Thread 3 ] DEBUG Engine               - mouseSensitivity: 0.2
16:25:24.921 [FXGL Background Thread 3 ] DEBUG Engine               - notificationViewClass: class com.almasb.fxgl.notification.view.XboxNotificationView
16:25:24.921 [FXGL Background Thread 3 ] DEBUG Engine               - pixelsPerMeter: 50.0
16:25:24.921 [FXGL Background Thread 3 ] DEBUG Engine               - platform: WINDOWS
16:25:24.921 [FXGL Background Thread 3 ] DEBUG Engine               - prefHeightProperty: ReadOnlyDoubleProperty [value: 700.0]
16:25:24.921 [FXGL Background Thread 3 ] DEBUG Engine               - prefWidthProperty: ReadOnlyDoubleProperty [value: 700.0]
16:25:24.921 [FXGL Background Thread 3 ] DEBUG Engine               - profileDir: profiles/
16:25:24.922 [FXGL Background Thread 3 ] DEBUG Engine               - profileName: StringProperty [value: DEFAULT]
16:25:24.922 [FXGL Background Thread 3 ] DEBUG Engine               - randomSeed: -1
16:25:24.922 [FXGL Background Thread 3 ] DEBUG Engine               - runtimeInfo: RuntimeInfo(platform=WINDOWS, version=17.1, build=24.03.2022 17.34)
16:25:24.922 [FXGL Background Thread 3 ] DEBUG Engine               - saveFileExt: sav
16:25:24.922 [FXGL Background Thread 3 ] DEBUG Engine               - scaledHeightProp$fxgl: DoubleProperty [bound, value: 700.0]
16:25:24.922 [FXGL Background Thread 3 ] DEBUG Engine               - scaledWidthProp$fxgl: DoubleProperty [bound, value: 700.0]
16:25:24.922 [FXGL Background Thread 3 ] DEBUG Engine               - sceneFactory: com.almasb.fxgl.app.scene.SceneFactory@13945e1
16:25:24.923 [FXGL Background Thread 3 ] DEBUG Engine               - secondsIn24h: 60
16:25:24.923 [FXGL Background Thread 3 ] DEBUG Engine               - soundMenuBack: menu/back.wav
16:25:24.923 [FXGL Background Thread 3 ] DEBUG Engine               - soundMenuPress: menu/press.wav
16:25:24.923 [FXGL Background Thread 3 ] DEBUG Engine               - soundMenuSelect: menu/select.wav
16:25:24.923 [FXGL Background Thread 3 ] DEBUG Engine               - soundNotification: core/notification.wav
16:25:24.923 [FXGL Background Thread 3 ] DEBUG Engine               - stageStyle: DECORATED
16:25:24.923 [FXGL Background Thread 3 ] DEBUG Engine               - supportedLanguages: [ENGLISH, FRENCH, GERMAN, HUNGARIAN, RUSSIAN]
16:25:24.923 [FXGL Background Thread 3 ] DEBUG Engine               - ticksPerSecond: -1
16:25:24.923 [FXGL Background Thread 3 ] DEBUG Engine               - title: Welcome
16:25:24.923 [FXGL Background Thread 3 ] DEBUG Engine               - urlGithub: https://github.com/AlmasB/FXGL
16:25:24.923 [FXGL Background Thread 3 ] DEBUG Engine               - urlLeaderboard: http://fxgl-top.herokuapp.com/
16:25:24.923 [FXGL Background Thread 3 ] DEBUG Engine               - urlPOM: https://raw.githubusercontent.com/AlmasB/FXGL/release/README.md
16:25:24.923 [FXGL Background Thread 3 ] DEBUG Engine               - userAppClass: class com.connectfourgui.ConnectFourGUI
16:25:24.924 [FXGL Background Thread 3 ] DEBUG Engine               - version: 0.1
16:25:24.924 [FXGL Background Thread 3 ] DEBUG Engine               - versionCheckDays: 7
16:25:24.924 [FXGL Background Thread 3 ] DEBUG Engine               - width: 700
16:25:24.924 [FXGL Background Thread 3 ] DEBUG Engine               - Logging services
16:25:24.924 [FXGL Background Thread 3 ] DEBUG Engine               - class com.almasb.fxgl.app.services.FXGLAssetLoaderService
16:25:24.924 [FXGL Background Thread 3 ] DEBUG Engine               - class com.almasb.fxgl.app.FXGLApplication$GameApplicationService
16:25:24.924 [FXGL Background Thread 3 ] DEBUG Engine               - class com.almasb.fxgl.app.services.FXGLDialogService
16:25:24.925 [FXGL Background Thread 3 ] DEBUG Engine               - class com.almasb.fxgl.app.services.IOTaskExecutorService
16:25:24.925 [FXGL Background Thread 3 ] DEBUG Engine               - class com.almasb.fxgl.io.FileSystemService
16:25:24.925 [FXGL Background Thread 3 ] DEBUG Engine               - class com.almasb.fxgl.localization.LocalizationService
16:25:24.925 [FXGL Background Thread 3 ] DEBUG Engine               - class com.almasb.fxgl.app.services.SystemBundleService
16:25:24.925 [FXGL Background Thread 3 ] DEBUG Engine               - class com.almasb.fxgl.profile.SaveLoadService
16:25:24.925 [FXGL Background Thread 3 ] DEBUG Engine               - class com.almasb.fxgl.ui.FXGLUIFactoryServiceProvider
16:25:24.925 [FXGL Background Thread 3 ] DEBUG Engine               - class com.almasb.fxgl.ui.FXGLDialogFactoryServiceProvider
16:25:24.925 [FXGL Background Thread 3 ] DEBUG Engine               - class com.almasb.fxgl.audio.AudioPlayer
16:25:24.926 [FXGL Background Thread 3 ] DEBUG Engine               - class com.almasb.fxgl.notification.impl.NotificationServiceProvider
16:25:24.926 [FXGL Background Thread 3 ] DEBUG Engine               - class com.almasb.fxgl.achievement.AchievementService
16:25:24.926 [FXGL Background Thread 3 ] DEBUG Engine               - class com.almasb.fxgl.cutscene.CutsceneService
16:25:24.926 [FXGL Background Thread 3 ] DEBUG Engine               - class com.almasb.fxgl.minigames.MiniGameService
16:25:24.926 [FXGL Background Thread 3 ] DEBUG Engine               - class com.almasb.fxgl.net.NetService
16:25:24.926 [FXGL Background Thread 3 ] DEBUG Engine               - class com.almasb.fxgl.app.services.UpdaterService
16:25:24.926 [FXGL Background Thread 3 ] DEBUG Engine               - class com.almasb.fxgl.dev.DevService
16:25:35.069 [JavaFX Application Thread] DEBUG PrimaryStageWindow   - Push state: DialogSubScene
16:25:35.069 [JavaFX Application Thread] DEBUG Input                - Clearing active input actions
16:25:35.072 [JavaFX Application Thread] DEBUG GameApplicationServi - Removing overlay from GameScene and adding to DialogSubScene
16:25:35.072 [JavaFX Application Thread] DEBUG PrimaryStageWindow   - GameScene -> DialogSubScene
16:25:36.216 [JavaFX Application Thread] DEBUG PrimaryStageWindow   - Pop state: DialogSubScene
16:25:36.216 [JavaFX Application Thread] DEBUG Input                - Clearing active input actions
16:25:36.217 [JavaFX Application Thread] DEBUG GameApplicationServi - Removing overlay from DialogSubScene and adding to GameScene
16:25:36.217 [JavaFX Application Thread] DEBUG PrimaryStageWindow   - GameScene <- DialogSubScene
16:25:36.217 [JavaFX Application Thread] DEBUG LoopRunner           - Resuming loop
16:25:37.317 [JavaFX Application Thread] DEBUG PrimaryStageWindow   - Push state: DialogSubScene
16:25:37.317 [JavaFX Application Thread] DEBUG Input                - Clearing active input actions
16:25:37.317 [JavaFX Application Thread] DEBUG GameApplicationServi - Removing overlay from GameScene and adding to DialogSubScene
16:25:37.318 [JavaFX Application Thread] DEBUG PrimaryStageWindow   - GameScene -> DialogSubScene
16:25:38.164 [JavaFX Application Thread] DEBUG FXGLApplication      - Exiting FXGL
16:25:38.164 [JavaFX Application Thread] DEBUG LoopRunner           - Stopping loop
16:25:38.164 [JavaFX Application Thread] DEBUG SystemBundleService  - Saving FXGL system data
16:25:38.167 [JavaFX Application Thread] DEBUG FileSystemAccess     - Writing to: D:\Computer-Science\02-24-00109-AI\Assignment2\ConnectFourGUI\system\fxgl.bundle
16:25:38.168 [JavaFX Application Thread] DEBUG Async                - Shutting down background threads
16:25:38.169 [JavaFX Application Thread] DEBUG PrimaryStageWindow   - Closing main window
16:25:38.182 [JavaFX Application Thread] DEBUG Logger               - Closing Logger
